{"/home/travis/build/npmtest/node-npmtest-os-service/test.js":{"path":"/home/travis/build/npmtest/node-npmtest-os-service/test.js","s":{"1":2,"2":2,"3":2,"4":2,"5":2,"6":2,"7":2,"8":1,"9":2,"10":2,"11":1,"12":1,"13":1,"14":1,"15":2,"16":2,"17":2,"18":2,"19":1,"20":1,"21":2,"22":2,"23":2,"24":1,"25":1,"26":1,"27":1,"28":1,"29":1,"30":1,"31":1,"32":1,"33":1,"34":1,"35":1,"36":1,"37":1,"38":1,"39":2,"40":2,"41":1,"42":2,"43":2,"44":1,"45":2,"46":2,"47":1,"48":2,"49":2,"50":1,"51":1,"52":1,"53":1,"54":1},"b":{"1":[2,1,1,1],"2":[1,1,1,1],"3":[1,1],"4":[1,1],"5":[1,1],"6":[1,1],"7":[1,1],"8":[1,1],"9":[1,1],"10":[1,1,1],"11":[1,1],"12":[1,1],"13":[1,1],"14":[1,1],"15":[1,1],"16":[1,1],"17":[1,1]},"f":{"1":2,"2":2,"3":2,"4":2,"5":2,"6":1,"7":1,"8":1,"9":2,"10":2,"11":2,"12":2,"13":1},"fnMap":{"1":{"name":"(anonymous_1)","line":12,"loc":{"start":{"line":12,"column":1},"end":{"line":12,"column":13}}},"2":{"name":"(anonymous_2)","line":19,"loc":{"start":{"line":19,"column":5},"end":{"line":19,"column":17}}},"3":{"name":"(anonymous_3)","line":23,"loc":{"start":{"line":23,"column":24},"end":{"line":23,"column":36}}},"4":{"name":"(anonymous_4)","line":61,"loc":{"start":{"line":61,"column":5},"end":{"line":61,"column":17}}},"5":{"name":"(anonymous_5)","line":82,"loc":{"start":{"line":82,"column":5},"end":{"line":82,"column":17}}},"6":{"name":"(anonymous_6)","line":91,"loc":{"start":{"line":91,"column":77},"end":{"line":94,"column":10}}},"7":{"name":"(anonymous_7)","line":112,"loc":{"start":{"line":112,"column":83},"end":{"line":115,"column":10}},"skip":true},"8":{"name":"(anonymous_8)","line":123,"loc":{"start":{"line":123,"column":77},"end":{"line":126,"column":10}},"skip":true},"9":{"name":"(anonymous_9)","line":139,"loc":{"start":{"line":139,"column":12},"end":{"line":139,"column":40}},"skip":true},"10":{"name":"(anonymous_10)","line":147,"loc":{"start":{"line":147,"column":77},"end":{"line":150,"column":10}},"skip":true},"11":{"name":"(anonymous_11)","line":158,"loc":{"start":{"line":158,"column":83},"end":{"line":161,"column":10}},"skip":true},"12":{"name":"(anonymous_12)","line":169,"loc":{"start":{"line":169,"column":79},"end":{"line":172,"column":10}},"skip":true},"13":{"name":"(anonymous_13)","line":180,"loc":{"start":{"line":180,"column":75},"end":{"line":183,"column":10}},"skip":true}},"statementMap":{"1":{"start":{"line":12,"column":0},"end":{"line":195,"column":5}},"2":{"start":{"line":14,"column":4},"end":{"line":14,"column":14}},"3":{"start":{"line":19,"column":4},"end":{"line":56,"column":9}},"4":{"start":{"line":21,"column":8},"end":{"line":21,"column":19}},"5":{"start":{"line":23,"column":8},"end":{"line":35,"column":13}},"6":{"start":{"line":24,"column":12},"end":{"line":34,"column":13}},"7":{"start":{"line":25,"column":16},"end":{"line":28,"column":30}},"8":{"start":{"line":30,"column":16},"end":{"line":33,"column":27}},"9":{"start":{"line":37,"column":8},"end":{"line":39,"column":21}},"10":{"start":{"line":40,"column":8},"end":{"line":53,"column":9}},"11":{"start":{"line":43,"column":12},"end":{"line":46,"column":14}},"12":{"start":{"line":47,"column":12},"end":{"line":47,"column":18}},"13":{"start":{"line":50,"column":12},"end":{"line":51,"column":46}},"14":{"start":{"line":52,"column":12},"end":{"line":52,"column":18}},"15":{"start":{"line":55,"column":8},"end":{"line":55,"column":35}},"16":{"start":{"line":61,"column":4},"end":{"line":63,"column":9}},"17":{"start":{"line":62,"column":8},"end":{"line":62,"column":15}},"18":{"start":{"line":64,"column":4},"end":{"line":77,"column":5}},"19":{"start":{"line":70,"column":8},"end":{"line":70,"column":14}},"20":{"start":{"line":76,"column":8},"end":{"line":76,"column":14}},"21":{"start":{"line":82,"column":4},"end":{"line":84,"column":9}},"22":{"start":{"line":83,"column":8},"end":{"line":83,"column":15}},"23":{"start":{"line":85,"column":4},"end":{"line":194,"column":5}},"24":{"start":{"line":91,"column":8},"end":{"line":99,"column":10}},"25":{"start":{"line":98,"column":12},"end":{"line":98,"column":35}},"26":{"start":{"line":102,"column":8},"end":{"line":104,"column":63}},"27":{"start":{"line":105,"column":8},"end":{"line":105,"column":14}},"28":{"start":{"line":112,"column":8},"end":{"line":121,"column":10},"skip":true},"29":{"start":{"line":119,"column":12},"end":{"line":119,"column":55},"skip":true},"30":{"start":{"line":120,"column":12},"end":{"line":120,"column":48},"skip":true},"31":{"start":{"line":123,"column":8},"end":{"line":136,"column":10},"skip":true},"32":{"start":{"line":130,"column":12},"end":{"line":130,"column":76},"skip":true},"33":{"start":{"line":131,"column":12},"end":{"line":131,"column":73},"skip":true},"34":{"start":{"line":132,"column":12},"end":{"line":132,"column":74},"skip":true},"35":{"start":{"line":133,"column":12},"end":{"line":133,"column":79},"skip":true},"36":{"start":{"line":134,"column":12},"end":{"line":134,"column":25},"skip":true},"37":{"start":{"line":135,"column":12},"end":{"line":135,"column":45},"skip":true},"38":{"start":{"line":138,"column":8},"end":{"line":145,"column":14},"skip":true},"39":{"start":{"line":143,"column":16},"end":{"line":143,"column":29},"skip":true},"40":{"start":{"line":144,"column":16},"end":{"line":144,"column":55},"skip":true},"41":{"start":{"line":147,"column":8},"end":{"line":156,"column":10},"skip":true},"42":{"start":{"line":154,"column":12},"end":{"line":154,"column":25},"skip":true},"43":{"start":{"line":155,"column":12},"end":{"line":155,"column":45},"skip":true},"44":{"start":{"line":158,"column":8},"end":{"line":167,"column":10},"skip":true},"45":{"start":{"line":165,"column":12},"end":{"line":165,"column":25},"skip":true},"46":{"start":{"line":166,"column":12},"end":{"line":166,"column":48},"skip":true},"47":{"start":{"line":169,"column":8},"end":{"line":178,"column":10},"skip":true},"48":{"start":{"line":176,"column":12},"end":{"line":176,"column":25},"skip":true},"49":{"start":{"line":177,"column":12},"end":{"line":177,"column":46},"skip":true},"50":{"start":{"line":180,"column":8},"end":{"line":189,"column":10},"skip":true},"51":{"start":{"line":187,"column":12},"end":{"line":187,"column":94},"skip":true},"52":{"start":{"line":188,"column":12},"end":{"line":188,"column":48},"skip":true},"53":{"start":{"line":192,"column":8},"end":{"line":192,"column":35},"skip":true},"54":{"start":{"line":193,"column":8},"end":{"line":193,"column":14},"skip":true}},"branchMap":{"1":{"line":25,"type":"binary-expr","locations":[{"start":{"line":25,"column":23},"end":{"line":25,"column":62}},{"start":{"line":26,"column":20},"end":{"line":26,"column":70}},{"start":{"line":27,"column":20},"end":{"line":27,"column":71}},{"start":{"line":28,"column":20},"end":{"line":28,"column":29}}]},"2":{"line":30,"type":"binary-expr","locations":[{"start":{"line":30,"column":23},"end":{"line":30,"column":37}},{"start":{"line":31,"column":20},"end":{"line":31,"column":61}},{"start":{"line":32,"column":20},"end":{"line":32,"column":70}},{"start":{"line":33,"column":20},"end":{"line":33,"column":26}}]},"3":{"line":37,"type":"cond-expr","locations":[{"start":{"line":38,"column":14},"end":{"line":38,"column":20}},{"start":{"line":39,"column":14},"end":{"line":39,"column":20}}]},"4":{"line":40,"type":"switch","locations":[{"start":{"line":42,"column":8},"end":{"line":47,"column":18}},{"start":{"line":49,"column":8},"end":{"line":52,"column":18}}]},"5":{"line":44,"type":"binary-expr","locations":[{"start":{"line":44,"column":16},"end":{"line":44,"column":44}},{"start":{"line":44,"column":48},"end":{"line":44,"column":66}}]},"6":{"line":50,"type":"binary-expr","locations":[{"start":{"line":50,"column":21},"end":{"line":50,"column":49}},{"start":{"line":50,"column":53},"end":{"line":50,"column":72}}]},"7":{"line":64,"type":"switch","locations":[{"start":{"line":69,"column":4},"end":{"line":70,"column":14}},{"start":{"line":75,"column":4},"end":{"line":76,"column":14}}]},"8":{"line":85,"type":"switch","locations":[{"start":{"line":90,"column":4},"end":{"line":105,"column":14}},{"start":{"line":111,"column":4},"end":{"line":193,"column":14},"skip":true}]},"9":{"line":91,"type":"binary-expr","locations":[{"start":{"line":91,"column":42},"end":{"line":91,"column":73}},{"start":{"line":91,"column":77},"end":{"line":99,"column":9}}]},"10":{"line":102,"type":"binary-expr","locations":[{"start":{"line":102,"column":18},"end":{"line":102,"column":32}},{"start":{"line":103,"column":12},"end":{"line":103,"column":53}},{"start":{"line":104,"column":12},"end":{"line":104,"column":61}}]},"11":{"line":112,"type":"binary-expr","locations":[{"start":{"line":112,"column":45},"end":{"line":112,"column":79},"skip":true},{"start":{"line":112,"column":83},"end":{"line":121,"column":9},"skip":true}]},"12":{"line":123,"type":"binary-expr","locations":[{"start":{"line":123,"column":42},"end":{"line":123,"column":73},"skip":true},{"start":{"line":123,"column":77},"end":{"line":136,"column":9},"skip":true}]},"13":{"line":138,"type":"binary-expr","locations":[{"start":{"line":138,"column":48},"end":{"line":138,"column":85},"skip":true},{"start":{"line":139,"column":12},"end":{"line":145,"column":13},"skip":true}]},"14":{"line":147,"type":"binary-expr","locations":[{"start":{"line":147,"column":42},"end":{"line":147,"column":73},"skip":true},{"start":{"line":147,"column":77},"end":{"line":156,"column":9},"skip":true}]},"15":{"line":158,"type":"binary-expr","locations":[{"start":{"line":158,"column":45},"end":{"line":158,"column":79},"skip":true},{"start":{"line":158,"column":83},"end":{"line":167,"column":9},"skip":true}]},"16":{"line":169,"type":"binary-expr","locations":[{"start":{"line":169,"column":43},"end":{"line":169,"column":75},"skip":true},{"start":{"line":169,"column":79},"end":{"line":178,"column":9},"skip":true}]},"17":{"line":180,"type":"binary-expr","locations":[{"start":{"line":180,"column":41},"end":{"line":180,"column":71},"skip":true},{"start":{"line":180,"column":75},"end":{"line":189,"column":9},"skip":true}]}},"code":["/* istanbul instrument in package npmtest_os_service */","/*jslint","    bitwise: true,","    browser: true,","    maxerr: 8,","    maxlen: 96,","    node: true,","    nomen: true,","    regexp: true,","    stupid: true","*/","(function () {","    'use strict';","    var local;","","","","    // run shared js-env code - pre-init","    (function () {","        // init local","        local = {};","        // init modeJs","        local.modeJs = (function () {","            try {","                return typeof navigator.userAgent === 'string' &&","                    typeof document.querySelector('body') === 'object' &&","                    typeof XMLHttpRequest.prototype.open === 'function' &&","                    'browser';","            } catch (errorCaughtBrowser) {","                return module.exports &&","                    typeof process.versions.node === 'string' &&","                    typeof require('http').createServer === 'function' &&","                    'node';","            }","        }());","        // init global","        local.global = local.modeJs === 'browser'","            ? window","            : global;","        switch (local.modeJs) {","        // re-init local from window.local","        case 'browser':","            local = local.global.utility2.objectSetDefault(","                local.global.utility2_rollup || local.global.local,","                local.global.utility2","            );","            break;","        // re-init local from example.js","        case 'node':","            local = (local.global.utility2_rollup || require('utility2'))","                .requireExampleJsFromReadme();","            break;","        }","        // export local","        local.global.local = local;","    }());","","","","    // run shared js-env code - function","    (function () {","        return;","    }());","    switch (local.modeJs) {","","","","    // run browser js-env code - function","    case 'browser':","        break;","","","","    // run node js-env code - function","    case 'node':","        break;","    }","","","","    // run shared js-env code - post-init","    (function () {","        return;","    }());","    switch (local.modeJs) {","","","","    // run browser js-env code - post-init","    case 'browser':","        local.testCase_browser_nullCase = local.testCase_browser_nullCase || function (","            options,","            onError","        ) {","        /*","         * this function will test browsers's null-case handling-behavior-behavior","         */","            onError(null, options);","        };","","        // run tests","        local.nop(local.modeTest &&","            document.querySelector('#testRunButton1') &&","            document.querySelector('#testRunButton1').click());","        break;","","","","    // run node js-env code - post-init","    /* istanbul ignore next */","    case 'node':","        local.testCase_buildApidoc_default = local.testCase_buildApidoc_default || function (","            options,","            onError","        ) {","        /*","         * this function will test buildApidoc's default handling-behavior-behavior","         */","            options = { modulePathList: module.paths };","            local.buildApidoc(options, onError);","        };","","        local.testCase_buildApp_default = local.testCase_buildApp_default || function (","            options,","            onError","        ) {","        /*","         * this function will test buildApp's default handling-behavior-behavior","         */","            local.testCase_buildReadme_default(options, local.onErrorThrow);","            local.testCase_buildLib_default(options, local.onErrorThrow);","            local.testCase_buildTest_default(options, local.onErrorThrow);","            local.testCase_buildCustomOrg_default(options, local.onErrorThrow);","            options = [];","            local.buildApp(options, onError);","        };","","        local.testCase_buildCustomOrg_default = local.testCase_buildCustomOrg_default ||","            function (options, onError) {","            /*","             * this function will test buildCustomOrg's default handling-behavior","             */","                options = {};","                local.buildCustomOrg(options, onError);","            };","","        local.testCase_buildLib_default = local.testCase_buildLib_default || function (","            options,","            onError","        ) {","        /*","         * this function will test buildLib's default handling-behavior","         */","            options = {};","            local.buildLib(options, onError);","        };","","        local.testCase_buildReadme_default = local.testCase_buildReadme_default || function (","            options,","            onError","        ) {","        /*","         * this function will test buildReadme's default handling-behavior-behavior","         */","            options = {};","            local.buildReadme(options, onError);","        };","","        local.testCase_buildTest_default = local.testCase_buildTest_default || function (","            options,","            onError","        ) {","        /*","         * this function will test buildTest's default handling-behavior","         */","            options = {};","            local.buildTest(options, onError);","        };","","        local.testCase_webpage_default = local.testCase_webpage_default || function (","            options,","            onError","        ) {","        /*","         * this function will test webpage's default handling-behavior","         */","            options = { modeCoverageMerge: true, url: local.serverLocalHost + '?modeTest=1' };","            local.browserTest(options, onError);","        };","","        // run test-server","        local.testRunServer(local);","        break;","    }","}());",""],"l":{"12":2,"14":2,"19":2,"21":2,"23":2,"24":2,"25":2,"30":1,"37":2,"40":2,"43":1,"47":1,"50":1,"52":1,"55":2,"61":2,"62":2,"64":2,"70":1,"76":1,"82":2,"83":2,"85":2,"91":1,"98":1,"102":1,"105":1,"112":1,"119":1,"120":1,"123":1,"130":1,"131":1,"132":1,"133":1,"134":1,"135":1,"138":1,"143":2,"144":2,"147":1,"154":2,"155":2,"158":1,"165":2,"166":2,"169":1,"176":2,"177":2,"180":1,"187":1,"188":1,"192":1,"193":1}},"/home/travis/build/npmtest/node-npmtest-os-service/lib.npmtest_os_service.js":{"path":"/home/travis/build/npmtest/node-npmtest-os-service/lib.npmtest_os_service.js","s":{"1":2,"2":2,"3":2,"4":2,"5":2,"6":2,"7":2,"8":1,"9":2,"10":2,"11":2,"12":2,"13":1,"14":1,"15":1,"16":1},"b":{"1":[2,1,1,1],"2":[1,1,1,1],"3":[1,1],"4":[2,2],"5":[1,1]},"f":{"1":2,"2":2,"3":2},"fnMap":{"1":{"name":"(anonymous_1)","line":12,"loc":{"start":{"line":12,"column":1},"end":{"line":12,"column":13}}},"2":{"name":"(anonymous_2)","line":19,"loc":{"start":{"line":19,"column":5},"end":{"line":19,"column":17}}},"3":{"name":"(anonymous_3)","line":23,"loc":{"start":{"line":23,"column":24},"end":{"line":23,"column":36}}}},"statementMap":{"1":{"start":{"line":12,"column":0},"end":{"line":53,"column":5}},"2":{"start":{"line":14,"column":4},"end":{"line":14,"column":14}},"3":{"start":{"line":19,"column":4},"end":{"line":52,"column":9}},"4":{"start":{"line":21,"column":8},"end":{"line":21,"column":19}},"5":{"start":{"line":23,"column":8},"end":{"line":35,"column":13}},"6":{"start":{"line":24,"column":12},"end":{"line":34,"column":13}},"7":{"start":{"line":25,"column":16},"end":{"line":28,"column":30}},"8":{"start":{"line":30,"column":16},"end":{"line":33,"column":27}},"9":{"start":{"line":37,"column":8},"end":{"line":39,"column":21}},"10":{"start":{"line":41,"column":8},"end":{"line":41,"column":54}},"11":{"start":{"line":43,"column":8},"end":{"line":43,"column":55}},"12":{"start":{"line":45,"column":8},"end":{"line":51,"column":9}},"13":{"start":{"line":46,"column":12},"end":{"line":46,"column":61}},"14":{"start":{"line":48,"column":12},"end":{"line":48,"column":35}},"15":{"start":{"line":49,"column":12},"end":{"line":49,"column":49}},"16":{"start":{"line":50,"column":12},"end":{"line":50,"column":43}}},"branchMap":{"1":{"line":25,"type":"binary-expr","locations":[{"start":{"line":25,"column":23},"end":{"line":25,"column":62}},{"start":{"line":26,"column":20},"end":{"line":26,"column":70}},{"start":{"line":27,"column":20},"end":{"line":27,"column":71}},{"start":{"line":28,"column":20},"end":{"line":28,"column":29}}]},"2":{"line":30,"type":"binary-expr","locations":[{"start":{"line":30,"column":23},"end":{"line":30,"column":37}},{"start":{"line":31,"column":20},"end":{"line":31,"column":61}},{"start":{"line":32,"column":20},"end":{"line":32,"column":70}},{"start":{"line":33,"column":20},"end":{"line":33,"column":26}}]},"3":{"line":37,"type":"cond-expr","locations":[{"start":{"line":38,"column":14},"end":{"line":38,"column":20}},{"start":{"line":39,"column":14},"end":{"line":39,"column":20}}]},"4":{"line":41,"type":"binary-expr","locations":[{"start":{"line":41,"column":16},"end":{"line":41,"column":44}},{"start":{"line":41,"column":48},"end":{"line":41,"column":53}}]},"5":{"line":45,"type":"if","locations":[{"start":{"line":45,"column":8},"end":{"line":45,"column":8}},{"start":{"line":45,"column":8},"end":{"line":45,"column":8}}]}},"code":["/* istanbul instrument in package npmtest_os_service */","/*jslint","    bitwise: true,","    browser: true,","    maxerr: 8,","    maxlen: 96,","    node: true,","    nomen: true,","    regexp: true,","    stupid: true","*/","(function () {","    'use strict';","    var local;","","","","    // run shared js-env code - pre-init","    (function () {","        // init local","        local = {};","        // init modeJs","        local.modeJs = (function () {","            try {","                return typeof navigator.userAgent === 'string' &&","                    typeof document.querySelector('body') === 'object' &&","                    typeof XMLHttpRequest.prototype.open === 'function' &&","                    'browser';","            } catch (errorCaughtBrowser) {","                return module.exports &&","                    typeof process.versions.node === 'string' &&","                    typeof require('http').createServer === 'function' &&","                    'node';","            }","        }());","        // init global","        local.global = local.modeJs === 'browser'","            ? window","            : global;","        // init utility2_rollup","        local = local.global.utility2_rollup || local;","        // init lib","        local.local = local.npmtest_os_service = local;","        // init exports","        if (local.modeJs === 'browser') {","            local.global.utility2_npmtest_os_service = local;","        } else {","            module.exports = local;","            module.exports.__dirname = __dirname;","            module.exports.module = module;","        }","    }());","}());",""],"l":{"12":2,"14":2,"19":2,"21":2,"23":2,"24":2,"25":2,"30":1,"37":2,"41":2,"43":2,"45":2,"46":1,"48":1,"49":1,"50":1}},"/home/travis/build/npmtest/node-npmtest-os-service/example.js":{"path":"/home/travis/build/npmtest/node-npmtest-os-service/example.js","s":{"1":2,"2":2,"3":2,"4":2,"5":2,"6":2,"7":2,"8":1,"9":2,"10":2,"11":2,"12":2,"13":1,"14":2,"15":2,"16":2,"17":2,"18":2,"19":0,"20":2,"21":1,"22":1,"23":1,"24":1,"25":1,"26":0,"27":0,"28":1,"29":1,"30":2,"31":0,"32":0,"33":0,"34":1,"35":2,"36":2,"37":3,"38":3,"39":3,"40":3,"41":0,"42":3,"43":3,"44":3,"45":1,"46":3,"47":1,"48":1,"49":1,"50":1,"51":1,"52":1,"53":1,"54":1,"55":1,"56":1,"57":0,"58":1,"59":6,"60":6,"61":1,"62":2,"63":0,"64":2,"65":1,"66":1,"67":0,"68":0,"69":0,"70":0,"71":0,"72":0,"73":0,"74":0,"75":0,"76":0,"77":0,"78":0,"79":0,"80":0,"81":0,"82":0,"83":0},"b":{"1":[2,1,1,1],"2":[1,1,1,1],"3":[1,1],"4":[2,2],"5":[1,1],"6":[1,1],"7":[2,0],"8":[2,1,1,1,1,1],"9":[0,2,0],"10":[1,1],"11":[2,1,1],"12":[1,0],"13":[0,2],"14":[2,0,0,0,0,0,0],"15":[0,3],"16":[3,0],"17":[1,1],"18":[0,1],"19":[1,2,0,2],"20":[1,0],"21":[1,1],"22":[0,0],"23":[0,0],"24":[0,0],"25":[0,0],"26":[0,0],"27":[0,0],"28":[0,0]},"f":{"1":2,"2":2,"3":2,"4":2,"5":2,"6":2,"7":3,"8":3,"9":3,"10":1,"11":6,"12":0},"fnMap":{"1":{"name":"(anonymous_1)","line":26,"loc":{"start":{"line":26,"column":1},"end":{"line":26,"column":13}}},"2":{"name":"(anonymous_2)","line":33,"loc":{"start":{"line":33,"column":5},"end":{"line":33,"column":17}}},"3":{"name":"(anonymous_3)","line":37,"loc":{"start":{"line":37,"column":24},"end":{"line":37,"column":36}}},"4":{"name":"(anonymous_4)","line":69,"loc":{"start":{"line":69,"column":31},"end":{"line":69,"column":48}},"skip":true},"5":{"name":"(anonymous_5)","line":78,"loc":{"start":{"line":78,"column":26},"end":{"line":78,"column":45}},"skip":true},"6":{"name":"(anonymous_6)","line":123,"loc":{"start":{"line":123,"column":33},"end":{"line":123,"column":48}},"skip":true},"7":{"name":"(anonymous_7)","line":125,"loc":{"start":{"line":125,"column":27},"end":{"line":125,"column":39}},"skip":true},"8":{"name":"(anonymous_8)","line":133,"loc":{"start":{"line":133,"column":59},"end":{"line":133,"column":74}},"skip":true},"9":{"name":"(anonymous_9)","line":143,"loc":{"start":{"line":143,"column":45},"end":{"line":143,"column":62}},"skip":true},"10":{"name":"(anonymous_10)","line":144,"loc":{"start":{"line":144,"column":73},"end":{"line":144,"column":92}},"skip":true},"11":{"name":"(anonymous_11)","line":272,"loc":{"start":{"line":272,"column":51},"end":{"line":272,"column":77}},"skip":true},"12":{"name":"(anonymous_12)","line":315,"loc":{"start":{"line":315,"column":32},"end":{"line":315,"column":61}},"skip":true}},"statementMap":{"1":{"start":{"line":26,"column":0},"end":{"line":326,"column":5}},"2":{"start":{"line":28,"column":4},"end":{"line":28,"column":14}},"3":{"start":{"line":33,"column":4},"end":{"line":60,"column":9}},"4":{"start":{"line":35,"column":8},"end":{"line":35,"column":19}},"5":{"start":{"line":37,"column":8},"end":{"line":49,"column":13}},"6":{"start":{"line":38,"column":12},"end":{"line":48,"column":13}},"7":{"start":{"line":39,"column":16},"end":{"line":42,"column":30}},"8":{"start":{"line":44,"column":16},"end":{"line":47,"column":27}},"9":{"start":{"line":51,"column":8},"end":{"line":53,"column":21}},"10":{"start":{"line":55,"column":8},"end":{"line":57,"column":45}},"11":{"start":{"line":59,"column":8},"end":{"line":59,"column":35}},"12":{"start":{"line":61,"column":4},"end":{"line":325,"column":5}},"13":{"start":{"line":69,"column":8},"end":{"line":121,"column":10},"skip":true},"14":{"start":{"line":70,"column":12},"end":{"line":88,"column":13},"skip":true},"15":{"start":{"line":76,"column":16},"end":{"line":87,"column":19},"skip":true},"16":{"start":{"line":79,"column":20},"end":{"line":86,"column":21},"skip":true},"17":{"start":{"line":82,"column":24},"end":{"line":82,"column":43},"skip":true},"18":{"start":{"line":83,"column":24},"end":{"line":83,"column":30},"skip":true},"19":{"start":{"line":85,"column":24},"end":{"line":85,"column":49},"skip":true},"20":{"start":{"line":89,"column":12},"end":{"line":107,"column":13},"skip":true},"21":{"start":{"line":92,"column":16},"end":{"line":102,"column":17},"skip":true},"22":{"start":{"line":93,"column":20},"end":{"line":93,"column":86},"skip":true},"23":{"start":{"line":94,"column":20},"end":{"line":95,"column":45},"skip":true},"24":{"start":{"line":96,"column":20},"end":{"line":96,"column":42},"skip":true},"25":{"start":{"line":97,"column":20},"end":{"line":97,"column":48},"skip":true},"26":{"start":{"line":100,"column":20},"end":{"line":100,"column":85},"skip":true},"27":{"start":{"line":101,"column":20},"end":{"line":101,"column":96},"skip":true},"28":{"start":{"line":103,"column":16},"end":{"line":103,"column":22},"skip":true},"29":{"start":{"line":106,"column":16},"end":{"line":106,"column":22},"skip":true},"30":{"start":{"line":108,"column":12},"end":{"line":120,"column":13},"skip":true},"31":{"start":{"line":114,"column":16},"end":{"line":119,"column":17},"skip":true},"32":{"start":{"line":116,"column":20},"end":{"line":116,"column":78},"skip":true},"33":{"start":{"line":118,"column":20},"end":{"line":118,"column":47},"skip":true},"34":{"start":{"line":123,"column":8},"end":{"line":141,"column":11},"skip":true},"35":{"start":{"line":124,"column":12},"end":{"line":124,"column":54},"skip":true},"36":{"start":{"line":125,"column":12},"end":{"line":140,"column":14},"skip":true},"37":{"start":{"line":126,"column":16},"end":{"line":126,"column":28},"skip":true},"38":{"start":{"line":127,"column":16},"end":{"line":127,"column":69},"skip":true},"39":{"start":{"line":128,"column":16},"end":{"line":128,"column":75},"skip":true},"40":{"start":{"line":129,"column":16},"end":{"line":131,"column":17},"skip":true},"41":{"start":{"line":130,"column":20},"end":{"line":130,"column":27},"skip":true},"42":{"start":{"line":133,"column":16},"end":{"line":137,"column":36},"skip":true},"43":{"start":{"line":134,"column":20},"end":{"line":136,"column":55},"skip":true},"44":{"start":{"line":139,"column":16},"end":{"line":139,"column":57},"skip":true},"45":{"start":{"line":143,"column":8},"end":{"line":147,"column":11},"skip":true},"46":{"start":{"line":144,"column":12},"end":{"line":146,"column":15},"skip":true},"47":{"start":{"line":145,"column":16},"end":{"line":145,"column":70},"skip":true},"48":{"start":{"line":149,"column":8},"end":{"line":149,"column":31},"skip":true},"49":{"start":{"line":150,"column":8},"end":{"line":150,"column":14},"skip":true},"50":{"start":{"line":158,"column":8},"end":{"line":158,"column":31},"skip":true},"51":{"start":{"line":160,"column":8},"end":{"line":160,"column":33},"skip":true},"52":{"start":{"line":161,"column":8},"end":{"line":161,"column":37},"skip":true},"53":{"start":{"line":162,"column":8},"end":{"line":162,"column":35},"skip":true},"54":{"start":{"line":164,"column":8},"end":{"line":164,"column":50},"skip":true},"55":{"start":{"line":166,"column":8},"end":{"line":256,"column":2},"skip":true},"56":{"start":{"line":258,"column":8},"end":{"line":286,"column":9},"skip":true},"57":{"start":{"line":259,"column":12},"end":{"line":269,"column":14},"skip":true},"58":{"start":{"line":271,"column":12},"end":{"line":285,"column":19},"skip":true},"59":{"start":{"line":274,"column":20},"end":{"line":274,"column":35},"skip":true},"60":{"start":{"line":275,"column":20},"end":{"line":284,"column":21},"skip":true},"61":{"start":{"line":277,"column":24},"end":{"line":277,"column":64},"skip":true},"62":{"start":{"line":279,"column":24},"end":{"line":279,"column":40},"skip":true},"63":{"start":{"line":281,"column":24},"end":{"line":281,"column":40},"skip":true},"64":{"start":{"line":283,"column":24},"end":{"line":283,"column":39},"skip":true},"65":{"start":{"line":288,"column":8},"end":{"line":290,"column":9},"skip":true},"66":{"start":{"line":289,"column":12},"end":{"line":289,"column":18},"skip":true},"67":{"start":{"line":291,"column":8},"end":{"line":293,"column":54},"skip":true},"68":{"start":{"line":296,"column":8},"end":{"line":301,"column":37},"skip":true},"69":{"start":{"line":303,"column":8},"end":{"line":303,"column":82},"skip":true},"70":{"start":{"line":306,"column":8},"end":{"line":308,"column":9},"skip":true},"71":{"start":{"line":307,"column":12},"end":{"line":307,"column":82},"skip":true},"72":{"start":{"line":310,"column":8},"end":{"line":312,"column":9},"skip":true},"73":{"start":{"line":311,"column":12},"end":{"line":311,"column":18},"skip":true},"74":{"start":{"line":313,"column":8},"end":{"line":313,"column":54},"skip":true},"75":{"start":{"line":314,"column":8},"end":{"line":314,"column":69},"skip":true},"76":{"start":{"line":315,"column":8},"end":{"line":323,"column":36},"skip":true},"77":{"start":{"line":316,"column":12},"end":{"line":316,"column":61},"skip":true},"78":{"start":{"line":317,"column":12},"end":{"line":320,"column":13},"skip":true},"79":{"start":{"line":318,"column":16},"end":{"line":318,"column":75},"skip":true},"80":{"start":{"line":319,"column":16},"end":{"line":319,"column":23},"skip":true},"81":{"start":{"line":321,"column":12},"end":{"line":321,"column":38},"skip":true},"82":{"start":{"line":322,"column":12},"end":{"line":322,"column":27},"skip":true},"83":{"start":{"line":324,"column":8},"end":{"line":324,"column":14},"skip":true}},"branchMap":{"1":{"line":39,"type":"binary-expr","locations":[{"start":{"line":39,"column":23},"end":{"line":39,"column":62}},{"start":{"line":40,"column":20},"end":{"line":40,"column":70}},{"start":{"line":41,"column":20},"end":{"line":41,"column":71}},{"start":{"line":42,"column":20},"end":{"line":42,"column":29}}]},"2":{"line":44,"type":"binary-expr","locations":[{"start":{"line":44,"column":23},"end":{"line":44,"column":37}},{"start":{"line":45,"column":20},"end":{"line":45,"column":61}},{"start":{"line":46,"column":20},"end":{"line":46,"column":70}},{"start":{"line":47,"column":20},"end":{"line":47,"column":26}}]},"3":{"line":51,"type":"cond-expr","locations":[{"start":{"line":52,"column":14},"end":{"line":52,"column":20}},{"start":{"line":53,"column":14},"end":{"line":53,"column":20}}]},"4":{"line":55,"type":"binary-expr","locations":[{"start":{"line":55,"column":16},"end":{"line":55,"column":44}},{"start":{"line":55,"column":49},"end":{"line":57,"column":43}}]},"5":{"line":55,"type":"cond-expr","locations":[{"start":{"line":56,"column":14},"end":{"line":56,"column":54}},{"start":{"line":57,"column":14},"end":{"line":57,"column":43}}]},"6":{"line":61,"type":"switch","locations":[{"start":{"line":68,"column":4},"end":{"line":150,"column":14},"skip":true},{"start":{"line":156,"column":4},"end":{"line":324,"column":14},"skip":true}]},"7":{"line":70,"type":"if","locations":[{"start":{"line":70,"column":12},"end":{"line":70,"column":12},"skip":true},{"start":{"line":70,"column":12},"end":{"line":70,"column":12},"skip":true}]},"8":{"line":70,"type":"binary-expr","locations":[{"start":{"line":70,"column":16},"end":{"line":70,"column":22},"skip":true},{"start":{"line":70,"column":27},"end":{"line":70,"column":32},"skip":true},{"start":{"line":71,"column":20},"end":{"line":71,"column":39},"skip":true},{"start":{"line":72,"column":20},"end":{"line":72,"column":49},"skip":true},{"start":{"line":73,"column":20},"end":{"line":73,"column":58},"skip":true},{"start":{"line":74,"column":20},"end":{"line":74,"column":69},"skip":true}]},"9":{"line":79,"type":"switch","locations":[{"start":{"line":80,"column":20},"end":{"line":80,"column":33},"skip":true},{"start":{"line":81,"column":20},"end":{"line":83,"column":30},"skip":true},{"start":{"line":84,"column":20},"end":{"line":85,"column":49},"skip":true}]},"10":{"line":89,"type":"switch","locations":[{"start":{"line":90,"column":12},"end":{"line":103,"column":22},"skip":true},{"start":{"line":105,"column":12},"end":{"line":106,"column":22},"skip":true}]},"11":{"line":89,"type":"binary-expr","locations":[{"start":{"line":89,"column":20},"end":{"line":89,"column":25},"skip":true},{"start":{"line":89,"column":29},"end":{"line":89,"column":48},"skip":true},{"start":{"line":89,"column":52},"end":{"line":89,"column":74},"skip":true}]},"12":{"line":92,"type":"if","locations":[{"start":{"line":92,"column":16},"end":{"line":92,"column":16},"skip":true},{"start":{"line":92,"column":16},"end":{"line":92,"column":16},"skip":true}]},"13":{"line":108,"type":"if","locations":[{"start":{"line":108,"column":12},"end":{"line":108,"column":12},"skip":true},{"start":{"line":108,"column":12},"end":{"line":108,"column":12},"skip":true}]},"14":{"line":108,"type":"binary-expr","locations":[{"start":{"line":108,"column":16},"end":{"line":108,"column":61},"skip":true},{"start":{"line":108,"column":66},"end":{"line":108,"column":72},"skip":true},{"start":{"line":108,"column":77},"end":{"line":108,"column":82},"skip":true},{"start":{"line":109,"column":20},"end":{"line":109,"column":39},"skip":true},{"start":{"line":110,"column":20},"end":{"line":110,"column":49},"skip":true},{"start":{"line":111,"column":20},"end":{"line":111,"column":58},"skip":true},{"start":{"line":112,"column":20},"end":{"line":112,"column":68},"skip":true}]},"15":{"line":129,"type":"if","locations":[{"start":{"line":129,"column":16},"end":{"line":129,"column":16},"skip":true},{"start":{"line":129,"column":16},"end":{"line":129,"column":16},"skip":true}]},"16":{"line":134,"type":"cond-expr","locations":[{"start":{"line":135,"column":26},"end":{"line":135,"column":29},"skip":true},{"start":{"line":136,"column":26},"end":{"line":136,"column":54},"skip":true}]},"17":{"line":164,"type":"binary-expr","locations":[{"start":{"line":164,"column":27},"end":{"line":164,"column":43},"skip":true},{"start":{"line":164,"column":47},"end":{"line":164,"column":49},"skip":true}]},"18":{"line":258,"type":"if","locations":[{"start":{"line":258,"column":8},"end":{"line":258,"column":8},"skip":true},{"start":{"line":258,"column":8},"end":{"line":258,"column":8},"skip":true}]},"19":{"line":275,"type":"switch","locations":[{"start":{"line":276,"column":20},"end":{"line":277,"column":64},"skip":true},{"start":{"line":278,"column":20},"end":{"line":279,"column":40},"skip":true},{"start":{"line":280,"column":20},"end":{"line":281,"column":40},"skip":true},{"start":{"line":282,"column":20},"end":{"line":283,"column":39},"skip":true}]},"20":{"line":288,"type":"if","locations":[{"start":{"line":288,"column":8},"end":{"line":288,"column":8},"skip":true},{"start":{"line":288,"column":8},"end":{"line":288,"column":8},"skip":true}]},"21":{"line":288,"type":"binary-expr","locations":[{"start":{"line":288,"column":12},"end":{"line":288,"column":40},"skip":true},{"start":{"line":288,"column":44},"end":{"line":288,"column":67},"skip":true}]},"22":{"line":292,"type":"binary-expr","locations":[{"start":{"line":292,"column":12},"end":{"line":292,"column":50},"skip":true},{"start":{"line":293,"column":12},"end":{"line":293,"column":53},"skip":true}]},"23":{"line":297,"type":"binary-expr","locations":[{"start":{"line":297,"column":12},"end":{"line":297,"column":68},"skip":true},{"start":{"line":298,"column":12},"end":{"line":301,"column":36},"skip":true}]},"24":{"line":303,"type":"binary-expr","locations":[{"start":{"line":303,"column":43},"end":{"line":303,"column":75},"skip":true},{"start":{"line":303,"column":79},"end":{"line":303,"column":81},"skip":true}]},"25":{"line":306,"type":"if","locations":[{"start":{"line":306,"column":8},"end":{"line":306,"column":8},"skip":true},{"start":{"line":306,"column":8},"end":{"line":306,"column":8},"skip":true}]},"26":{"line":310,"type":"if","locations":[{"start":{"line":310,"column":8},"end":{"line":310,"column":8},"skip":true},{"start":{"line":310,"column":8},"end":{"line":310,"column":8},"skip":true}]},"27":{"line":313,"type":"binary-expr","locations":[{"start":{"line":313,"column":27},"end":{"line":313,"column":43},"skip":true},{"start":{"line":313,"column":47},"end":{"line":313,"column":53},"skip":true}]},"28":{"line":317,"type":"if","locations":[{"start":{"line":317,"column":12},"end":{"line":317,"column":12},"skip":true},{"start":{"line":317,"column":12},"end":{"line":317,"column":12},"skip":true}]}},"code":["/*","example.js","","quickstart example","","instruction","    1. save this script as example.js","    2. run the shell command:","        $ npm install npmtest-os-service && PORT=8081 node example.js","    3. play with the browser-demo on http://127.0.0.1:8081","*/","","","","/* istanbul instrument in package npmtest_os_service */","/*jslint","    bitwise: true,","    browser: true,","    maxerr: 8,","    maxlen: 96,","    node: true,","    nomen: true,","    regexp: true,","    stupid: true","*/","(function () {","    'use strict';","    var local;","","","","    // run shared js-env code - pre-init","    (function () {","        // init local","        local = {};","        // init modeJs","        local.modeJs = (function () {","            try {","                return typeof navigator.userAgent === 'string' &&","                    typeof document.querySelector('body') === 'object' &&","                    typeof XMLHttpRequest.prototype.open === 'function' &&","                    'browser';","            } catch (errorCaughtBrowser) {","                return module.exports &&","                    typeof process.versions.node === 'string' &&","                    typeof require('http').createServer === 'function' &&","                    'node';","            }","        }());","        // init global","        local.global = local.modeJs === 'browser'","            ? window","            : global;","        // init utility2_rollup","        local = local.global.utility2_rollup || (local.modeJs === 'browser'","            ? local.global.utility2_npmtest_os_service","            : global.utility2_moduleExports);","        // export local","        local.global.local = local;","    }());","    switch (local.modeJs) {","","","","    // post-init","    // run browser js-env code - post-init","    /* istanbul ignore next */","    case 'browser':","        local.testRunBrowser = function (event) {","            if (!event || (event &&","                    event.currentTarget &&","                    event.currentTarget.className &&","                    event.currentTarget.className.includes &&","                    event.currentTarget.className.includes('onreset'))) {","                // reset output","                Array.from(","                    document.querySelectorAll('body > .resettable')","                ).forEach(function (element) {","                    switch (element.tagName) {","                    case 'INPUT':","                    case 'TEXTAREA':","                        element.value = '';","                        break;","                    default:","                        element.textContent = '';","                    }","                });","            }","            switch (event && event.currentTarget && event.currentTarget.id) {","            case 'testRunButton1':","                // show tests","                if (document.querySelector('#testReportDiv1').style.display === 'none') {","                    document.querySelector('#testReportDiv1').style.display = 'block';","                    document.querySelector('#testRunButton1').textContent =","                        'hide internal test';","                    local.modeTest = true;","                    local.testRunDefault(local);","                // hide tests","                } else {","                    document.querySelector('#testReportDiv1').style.display = 'none';","                    document.querySelector('#testRunButton1').textContent = 'run internal test';","                }","                break;","            // custom-case","            default:","                break;","            }","            if (document.querySelector('#inputTextareaEval1') && (!event || (event &&","                    event.currentTarget &&","                    event.currentTarget.className &&","                    event.currentTarget.className.includes &&","                    event.currentTarget.className.includes('oneval')))) {","                // try to eval input-code","                try {","                    /*jslint evil: true*/","                    eval(document.querySelector('#inputTextareaEval1').value);","                } catch (errorCaught) {","                    console.error(errorCaught);","                }","            }","        };","        // log stderr and stdout to #outputTextareaStdout1","        ['error', 'log'].forEach(function (key) {","            console[key + '_original'] = console[key];","            console[key] = function () {","                var element;","                console[key + '_original'].apply(console, arguments);","                element = document.querySelector('#outputTextareaStdout1');","                if (!element) {","                    return;","                }","                // append text to #outputTextareaStdout1","                element.value += Array.from(arguments).map(function (arg) {","                    return typeof arg === 'string'","                        ? arg","                        : JSON.stringify(arg, null, 4);","                }).join(' ') + '\\n';","                // scroll textarea to bottom","                element.scrollTop = element.scrollHeight;","            };","        });","        // init event-handling","        ['change', 'click', 'keyup'].forEach(function (event) {","            Array.from(document.querySelectorAll('.on' + event)).forEach(function (element) {","                element.addEventListener(event, local.testRunBrowser);","            });","        });","        // run tests","        local.testRunBrowser();","        break;","","","","    // run node js-env code - post-init","    /* istanbul ignore next */","    case 'node':","        // export local","        module.exports = local;","        // require modules","        local.fs = require('fs');","        local.http = require('http');","        local.url = require('url');","        // init assets","        local.assetsDict = local.assetsDict || {};","        /* jslint-ignore-begin */","        local.assetsDict['/assets.index.template.html'] = '\\","<!doctype html>\\n\\","<html lang=\"en\">\\n\\","<head>\\n\\","<meta charset=\"UTF-8\">\\n\\","<meta name=\"viewport\" content=\"width=device-width, initial-scale=1\">\\n\\","<title>{{env.npm_package_name}} (v{{env.npm_package_version}})</title>\\n\\","<style>\\n\\","/*csslint\\n\\","    box-sizing: false,\\n\\","    universal-selector: false\\n\\","*/\\n\\","* {\\n\\","    box-sizing: border-box;\\n\\","}\\n\\","body {\\n\\","    background: #dde;\\n\\","    font-family: Arial, Helvetica, sans-serif;\\n\\","    margin: 2rem;\\n\\","}\\n\\","body > * {\\n\\","    margin-bottom: 1rem;\\n\\","}\\n\\",".utility2FooterDiv {\\n\\","    margin-top: 20px;\\n\\","    text-align: center;\\n\\","}\\n\\","</style>\\n\\","<style>\\n\\","/*csslint\\n\\","*/\\n\\","textarea {\\n\\","    font-family: monospace;\\n\\","    height: 10rem;\\n\\","    width: 100%;\\n\\","}\\n\\","textarea[readonly] {\\n\\","    background: #ddd;\\n\\","}\\n\\","</style>\\n\\","</head>\\n\\","<body>\\n\\","<!-- utility2-comment\\n\\","<div id=\"ajaxProgressDiv1\" style=\"background: #d00; height: 2px; left: 0; margin: 0; padding: 0; position: fixed; top: 0; transition: background 0.5s, width 1.5s; width: 25%;\"></div>\\n\\","utility2-comment -->\\n\\","<h1>\\n\\","<!-- utility2-comment\\n\\","    <a\\n\\","        {{#if env.npm_package_homepage}}\\n\\","        href=\"{{env.npm_package_homepage}}\"\\n\\","        {{/if env.npm_package_homepage}}\\n\\","        target=\"_blank\"\\n\\","    >\\n\\","utility2-comment -->\\n\\","        {{env.npm_package_name}} (v{{env.npm_package_version}})\\n\\","<!-- utility2-comment\\n\\","    </a>\\n\\","utility2-comment -->\\n\\","</h1>\\n\\","<h3>{{env.npm_package_description}}</h3>\\n\\","<!-- utility2-comment\\n\\","<h4><a download href=\"assets.app.js\">download standalone app</a></h4>\\n\\","<button class=\"onclick onreset\" id=\"testRunButton1\">run internal test</button><br>\\n\\","<div id=\"testReportDiv1\" style=\"display: none;\"></div>\\n\\","utility2-comment -->\\n\\","\\n\\","\\n\\","\\n\\","<label>stderr and stdout</label>\\n\\","<textarea class=\"resettable\" id=\"outputTextareaStdout1\" readonly></textarea>\\n\\","<!-- utility2-comment\\n\\","{{#if isRollup}}\\n\\","<script src=\"assets.app.js\"></script>\\n\\","{{#unless isRollup}}\\n\\","utility2-comment -->\\n\\","<script src=\"assets.utility2.rollup.js\"></script>\\n\\","<script src=\"jsonp.utility2._stateInit?callback=window.utility2._stateInit\"></script>\\n\\","<script src=\"assets.npmtest_os_service.rollup.js\"></script>\\n\\","<script src=\"assets.example.js\"></script>\\n\\","<script src=\"assets.test.js\"></script>\\n\\","<!-- utility2-comment\\n\\","{{/if isRollup}}\\n\\","utility2-comment -->\\n\\","<div class=\"utility2FooterDiv\">\\n\\","    [ this app was created with\\n\\","    <a href=\"https://github.com/kaizhu256/node-utility2\" target=\"_blank\">utility2</a>\\n\\","    ]\\n\\","</div>\\n\\","</body>\\n\\","</html>\\n\\","';","        /* jslint-ignore-end */","        if (local.templateRender) {","            local.assetsDict['/'] = local.templateRender(","                local.assetsDict['/assets.index.template.html'],","                {","                    env: local.objectSetDefault(local.env, {","                        npm_package_description: 'the greatest app in the world!',","                        npm_package_name: 'my-app',","                        npm_package_nameAlias: 'my_app',","                        npm_package_version: '0.0.1'","                    })","                }","            );","        } else {","            local.assetsDict['/'] = local.assetsDict['/assets.index.template.html']","                .replace((/\\{\\{env\\.(\\w+?)\\}\\}/g), function (match0, match1) {","                    // jslint-hack","                    String(match0);","                    switch (match1) {","                    case 'npm_package_description':","                        return 'the greatest app in the world!';","                    case 'npm_package_name':","                        return 'my-app';","                    case 'npm_package_nameAlias':","                        return 'my_app';","                    case 'npm_package_version':","                        return '0.0.1';","                    }","                });","        }","        // run the cli","        if (local.global.utility2_rollup || module !== require.main) {","            break;","        }","        local.assetsDict['/assets.example.js'] =","            local.assetsDict['/assets.example.js'] ||","            local.fs.readFileSync(__filename, 'utf8');","        // bug-workaround - long $npm_package_buildCustomOrg","        /* jslint-ignore-begin */","        local.assetsDict['/assets.npmtest_os_service.rollup.js'] =","            local.assetsDict['/assets.npmtest_os_service.rollup.js'] ||","            local.fs.readFileSync(","                local.npmtest_os_service.__dirname + '/lib.npmtest_os_service.js',","                'utf8'","            ).replace((/^#!/), '//');","        /* jslint-ignore-end */","        local.assetsDict['/favicon.ico'] = local.assetsDict['/favicon.ico'] || '';","        // if $npm_config_timeout_exit exists,","        // then exit this process after $npm_config_timeout_exit ms","        if (Number(process.env.npm_config_timeout_exit)) {","            setTimeout(process.exit, Number(process.env.npm_config_timeout_exit));","        }","        // start server","        if (local.global.utility2_serverHttp1) {","            break;","        }","        process.env.PORT = process.env.PORT || '8081';","        console.error('server starting on port ' + process.env.PORT);","        local.http.createServer(function (request, response) {","            request.urlParsed = local.url.parse(request.url);","            if (local.assetsDict[request.urlParsed.pathname] !== undefined) {","                response.end(local.assetsDict[request.urlParsed.pathname]);","                return;","            }","            response.statusCode = 404;","            response.end();","        }).listen(process.env.PORT);","        break;","    }","}());",""],"l":{"26":2,"28":2,"33":2,"35":2,"37":2,"38":2,"39":2,"44":1,"51":2,"55":2,"59":2,"61":2,"69":1,"70":2,"76":2,"79":2,"82":2,"83":2,"85":1,"89":2,"92":1,"93":1,"94":1,"96":1,"97":1,"100":1,"101":1,"103":1,"106":1,"108":2,"114":1,"116":1,"118":1,"123":1,"124":2,"125":2,"126":3,"127":3,"128":3,"129":3,"130":1,"133":3,"134":3,"139":3,"143":1,"144":3,"145":1,"149":1,"150":1,"158":1,"160":1,"161":1,"162":1,"164":1,"166":1,"258":1,"259":1,"271":1,"274":6,"275":6,"277":1,"279":2,"281":1,"283":2,"288":1,"289":1,"291":1,"296":1,"303":1,"306":1,"307":1,"310":1,"311":1,"313":1,"314":1,"315":1,"316":1,"317":1,"318":1,"319":1,"321":1,"322":1,"324":1}},"/home/travis/build/npmtest/node-npmtest-os-service/node_modules/os-service/index.js":{"path":"/home/travis/build/npmtest/node-npmtest-os-service/node_modules/os-service/index.js","s":{"1":1,"2":1,"3":1,"4":1,"5":1,"6":1,"7":1,"8":1,"9":1,"10":0,"11":0,"12":0,"13":1,"14":0,"15":0,"16":0,"17":0,"18":0,"19":0,"20":0,"21":0,"22":0,"23":0,"24":0,"25":1,"26":0,"27":0,"28":0,"29":0,"30":0,"31":0,"32":0,"33":0,"34":0,"35":0,"36":0,"37":0,"38":0,"39":0,"40":0,"41":0,"42":0,"43":0,"44":0,"45":0,"46":0,"47":0,"48":0,"49":0,"50":0,"51":0,"52":0,"53":0,"54":0,"55":0,"56":0,"57":0,"58":0,"59":0,"60":0,"61":0,"62":0,"63":0,"64":0,"65":0,"66":0,"67":0,"68":0,"69":0,"70":0,"71":0,"72":0,"73":0,"74":0,"75":0,"76":0,"77":0,"78":0,"79":0,"80":0,"81":0,"82":0,"83":0,"84":0,"85":0,"86":0,"87":0,"88":0,"89":0,"90":0,"91":0,"92":0,"93":0,"94":0,"95":0,"96":0,"97":0,"98":0,"99":0,"100":0,"101":0,"102":0,"103":0,"104":0,"105":0,"106":0,"107":0,"108":0,"109":0,"110":0,"111":0,"112":0,"113":1,"114":0,"115":1,"116":0,"117":0,"118":0,"119":0,"120":0,"121":0,"122":0,"123":1,"124":0,"125":0,"126":0,"127":0,"128":0,"129":0,"130":0,"131":0,"132":0,"133":0,"134":0,"135":0,"136":0,"137":0,"138":0,"139":0,"140":0,"141":0,"142":0,"143":0,"144":0,"145":0,"146":0,"147":0,"148":0,"149":0,"150":1,"151":0,"152":0,"153":0,"154":0,"155":0,"156":0,"157":0,"158":0,"159":0,"160":0,"161":0,"162":0,"163":0,"164":0,"165":0,"166":0,"167":0,"168":0,"169":0,"170":1,"171":0,"172":0,"173":0,"174":1,"175":1,"176":1,"177":1},"b":{"1":[0,0],"2":[0,0],"3":[0,0],"4":[0,0],"5":[0,0],"6":[0,0],"7":[0,0],"8":[0,0],"9":[0,0],"10":[0,0],"11":[0,0],"12":[0,0],"13":[0,0],"14":[0,0],"15":[0,0],"16":[0,0],"17":[0,0],"18":[0,0],"19":[0,0],"20":[0,0],"21":[0,0],"22":[0,0],"23":[0,0],"24":[0,0],"25":[0,0],"26":[0,0],"27":[0,0],"28":[0,0],"29":[0,0],"30":[0,0],"31":[0,0],"32":[0,0],"33":[0,0],"34":[0,0],"35":[0,0],"36":[0,0],"37":[0,0],"38":[0,0],"39":[0,0],"40":[0,0],"41":[0,0],"42":[0,0],"43":[0,0],"44":[0,0],"45":[0,0],"46":[0,0],"47":[0,0],"48":[0,0],"49":[0,0],"50":[0,0]},"f":{"1":0,"2":0,"3":0,"4":0,"5":0,"6":0,"7":0,"8":0,"9":0,"10":0,"11":0,"12":0,"13":0,"14":0,"15":0,"16":0,"17":0,"18":0,"19":0,"20":0,"21":0,"22":0,"23":0,"24":0,"25":0,"26":0,"27":0},"fnMap":{"1":{"name":"getServiceWrap","line":157,"loc":{"start":{"line":157,"column":0},"end":{"line":157,"column":27}}},"2":{"name":"runProcess","line":163,"loc":{"start":{"line":163,"column":0},"end":{"line":163,"column":36}}},"3":{"name":"(anonymous_3)","line":166,"loc":{"start":{"line":166,"column":18},"end":{"line":166,"column":33}}},"4":{"name":"(anonymous_4)","line":176,"loc":{"start":{"line":176,"column":19},"end":{"line":176,"column":35}}},"5":{"name":"add","line":185,"loc":{"start":{"line":185,"column":0},"end":{"line":185,"column":33}}},"6":{"name":"(anonymous_6)","line":257,"loc":{"start":{"line":257,"column":37},"end":{"line":257,"column":60}}},"7":{"name":"(anonymous_7)","line":278,"loc":{"start":{"line":278,"column":60},"end":{"line":278,"column":76}}},"8":{"name":"(anonymous_8)","line":282,"loc":{"start":{"line":282,"column":48},"end":{"line":282,"column":64}}},"9":{"name":"(anonymous_9)","line":285,"loc":{"start":{"line":285,"column":56},"end":{"line":285,"column":72}}},"10":{"name":"(anonymous_10)","line":321,"loc":{"start":{"line":321,"column":56},"end":{"line":321,"column":72}}},"11":{"name":"(anonymous_11)","line":325,"loc":{"start":{"line":325,"column":48},"end":{"line":325,"column":64}}},"12":{"name":"isStopRequested","line":341,"loc":{"start":{"line":341,"column":0},"end":{"line":341,"column":28}}},"13":{"name":"remove","line":345,"loc":{"start":{"line":345,"column":0},"end":{"line":345,"column":27}}},"14":{"name":"removeCtlPaths","line":357,"loc":{"start":{"line":357,"column":2},"end":{"line":357,"column":28}}},"15":{"name":"(anonymous_15)","line":358,"loc":{"start":{"line":358,"column":23},"end":{"line":358,"column":39}}},"16":{"name":"(anonymous_16)","line":361,"loc":{"start":{"line":361,"column":28},"end":{"line":361,"column":44}}},"17":{"name":"(anonymous_17)","line":377,"loc":{"start":{"line":377,"column":37},"end":{"line":377,"column":60}}},"18":{"name":"(anonymous_18)","line":380,"loc":{"start":{"line":380,"column":46},"end":{"line":380,"column":62}}},"19":{"name":"(anonymous_19)","line":383,"loc":{"start":{"line":383,"column":52},"end":{"line":383,"column":68}}},"20":{"name":"(anonymous_20)","line":401,"loc":{"start":{"line":401,"column":47},"end":{"line":401,"column":63}}},"21":{"name":"run","line":413,"loc":{"start":{"line":413,"column":0},"end":{"line":413,"column":62}}},"22":{"name":"(anonymous_22)","line":420,"loc":{"start":{"line":420,"column":37},"end":{"line":420,"column":48}}},"23":{"name":"(anonymous_23)","line":424,"loc":{"start":{"line":424,"column":37},"end":{"line":424,"column":48}}},"24":{"name":"(anonymous_24)","line":429,"loc":{"start":{"line":429,"column":16},"end":{"line":429,"column":28}}},"25":{"name":"(anonymous_25)","line":435,"loc":{"start":{"line":435,"column":24},"end":{"line":435,"column":35}}},"26":{"name":"(anonymous_26)","line":439,"loc":{"start":{"line":439,"column":25},"end":{"line":439,"column":36}}},"27":{"name":"stop","line":452,"loc":{"start":{"line":452,"column":0},"end":{"line":452,"column":22}}}},"statementMap":{"1":{"start":{"line":2,"column":0},"end":{"line":2,"column":45}},"2":{"start":{"line":3,"column":0},"end":{"line":3,"column":23}},"3":{"start":{"line":4,"column":0},"end":{"line":4,"column":23}},"4":{"start":{"line":5,"column":0},"end":{"line":5,"column":28}},"5":{"start":{"line":7,"column":0},"end":{"line":7,"column":16}},"6":{"start":{"line":8,"column":0},"end":{"line":8,"column":27}},"7":{"start":{"line":10,"column":0},"end":{"line":140,"column":2}},"8":{"start":{"line":142,"column":0},"end":{"line":155,"column":2}},"9":{"start":{"line":157,"column":0},"end":{"line":161,"column":1}},"10":{"start":{"line":158,"column":1},"end":{"line":159,"column":52}},"11":{"start":{"line":159,"column":2},"end":{"line":159,"column":52}},"12":{"start":{"line":160,"column":1},"end":{"line":160,"column":20}},"13":{"start":{"line":163,"column":0},"end":{"line":183,"column":1}},"14":{"start":{"line":164,"column":1},"end":{"line":164,"column":45}},"15":{"start":{"line":166,"column":1},"end":{"line":174,"column":4}},"16":{"start":{"line":167,"column":2},"end":{"line":173,"column":3}},"17":{"start":{"line":168,"column":3},"end":{"line":168,"column":51}},"18":{"start":{"line":169,"column":3},"end":{"line":169,"column":20}},"19":{"start":{"line":170,"column":3},"end":{"line":170,"column":13}},"20":{"start":{"line":172,"column":3},"end":{"line":172,"column":8}},"21":{"start":{"line":176,"column":1},"end":{"line":182,"column":4}},"22":{"start":{"line":177,"column":2},"end":{"line":181,"column":3}},"23":{"start":{"line":178,"column":3},"end":{"line":178,"column":13}},"24":{"start":{"line":180,"column":3},"end":{"line":180,"column":8}},"25":{"start":{"line":185,"column":0},"end":{"line":339,"column":1}},"26":{"start":{"line":186,"column":1},"end":{"line":189,"column":2}},"27":{"start":{"line":187,"column":2},"end":{"line":187,"column":20}},"28":{"start":{"line":188,"column":2},"end":{"line":188,"column":15}},"29":{"start":{"line":191,"column":1},"end":{"line":193,"column":22}},"30":{"start":{"line":195,"column":1},"end":{"line":197,"column":21}},"31":{"start":{"line":199,"column":1},"end":{"line":199,"column":60}},"32":{"start":{"line":200,"column":1},"end":{"line":200,"column":60}},"33":{"start":{"line":202,"column":1},"end":{"line":336,"column":2}},"34":{"start":{"line":203,"column":2},"end":{"line":205,"column":11}},"35":{"start":{"line":207,"column":2},"end":{"line":207,"column":23}},"36":{"start":{"line":209,"column":2},"end":{"line":209,"column":30}},"37":{"start":{"line":211,"column":2},"end":{"line":213,"column":43}},"38":{"start":{"line":212,"column":3},"end":{"line":213,"column":43}},"39":{"start":{"line":213,"column":4},"end":{"line":213,"column":43}},"40":{"start":{"line":215,"column":2},"end":{"line":215,"column":33}},"41":{"start":{"line":217,"column":2},"end":{"line":219,"column":46}},"42":{"start":{"line":218,"column":3},"end":{"line":219,"column":46}},"43":{"start":{"line":219,"column":4},"end":{"line":219,"column":46}},"44":{"start":{"line":221,"column":2},"end":{"line":222,"column":49}},"45":{"start":{"line":222,"column":3},"end":{"line":222,"column":49}},"46":{"start":{"line":224,"column":2},"end":{"line":224,"column":43}},"47":{"start":{"line":226,"column":2},"end":{"line":232,"column":3}},"48":{"start":{"line":227,"column":3},"end":{"line":228,"column":15}},"49":{"start":{"line":229,"column":3},"end":{"line":229,"column":8}},"50":{"start":{"line":231,"column":3},"end":{"line":231,"column":13}},"51":{"start":{"line":234,"column":2},"end":{"line":234,"column":20}},"52":{"start":{"line":235,"column":2},"end":{"line":237,"column":54}},"53":{"start":{"line":236,"column":3},"end":{"line":237,"column":54}},"54":{"start":{"line":237,"column":4},"end":{"line":237,"column":54}},"55":{"start":{"line":239,"column":2},"end":{"line":239,"column":23}},"56":{"start":{"line":240,"column":2},"end":{"line":242,"column":60}},"57":{"start":{"line":241,"column":3},"end":{"line":242,"column":60}},"58":{"start":{"line":242,"column":4},"end":{"line":242,"column":60}},"59":{"start":{"line":244,"column":2},"end":{"line":244,"column":31}},"60":{"start":{"line":245,"column":2},"end":{"line":246,"column":33}},"61":{"start":{"line":246,"column":3},"end":{"line":246,"column":33}},"62":{"start":{"line":248,"column":2},"end":{"line":248,"column":39}},"63":{"start":{"line":249,"column":2},"end":{"line":249,"column":45}},"64":{"start":{"line":251,"column":2},"end":{"line":251,"column":39}},"65":{"start":{"line":252,"column":2},"end":{"line":252,"column":66}},"66":{"start":{"line":253,"column":2},"end":{"line":255,"column":4}},"67":{"start":{"line":257,"column":2},"end":{"line":335,"column":4}},"68":{"start":{"line":258,"column":3},"end":{"line":334,"column":4}},"69":{"start":{"line":259,"column":4},"end":{"line":303,"column":5}},"70":{"start":{"line":260,"column":5},"end":{"line":260,"column":30}},"71":{"start":{"line":262,"column":5},"end":{"line":274,"column":6}},"72":{"start":{"line":263,"column":6},"end":{"line":263,"column":41}},"73":{"start":{"line":265,"column":6},"end":{"line":265,"column":44}},"74":{"start":{"line":266,"column":6},"end":{"line":266,"column":53}},"75":{"start":{"line":267,"column":6},"end":{"line":267,"column":56}},"76":{"start":{"line":268,"column":6},"end":{"line":268,"column":59}},"77":{"start":{"line":269,"column":6},"end":{"line":269,"column":62}},"78":{"start":{"line":270,"column":6},"end":{"line":270,"column":69}},"79":{"start":{"line":271,"column":6},"end":{"line":271,"column":68}},"80":{"start":{"line":273,"column":6},"end":{"line":273,"column":33}},"81":{"start":{"line":276,"column":5},"end":{"line":276,"column":57}},"82":{"start":{"line":278,"column":5},"end":{"line":300,"column":7}},"83":{"start":{"line":279,"column":6},"end":{"line":299,"column":7}},"84":{"start":{"line":280,"column":7},"end":{"line":280,"column":77}},"85":{"start":{"line":282,"column":7},"end":{"line":298,"column":9}},"86":{"start":{"line":283,"column":8},"end":{"line":297,"column":9}},"87":{"start":{"line":284,"column":9},"end":{"line":294,"column":10}},"88":{"start":{"line":285,"column":10},"end":{"line":291,"column":12}},"89":{"start":{"line":286,"column":11},"end":{"line":290,"column":12}},"90":{"start":{"line":287,"column":12},"end":{"line":287,"column":66}},"91":{"start":{"line":289,"column":12},"end":{"line":289,"column":16}},"92":{"start":{"line":293,"column":10},"end":{"line":293,"column":62}},"93":{"start":{"line":296,"column":9},"end":{"line":296,"column":13}},"94":{"start":{"line":302,"column":5},"end":{"line":302,"column":77}},"95":{"start":{"line":305,"column":4},"end":{"line":305,"column":24}},"96":{"start":{"line":307,"column":4},"end":{"line":317,"column":5}},"97":{"start":{"line":308,"column":5},"end":{"line":308,"column":35}},"98":{"start":{"line":310,"column":5},"end":{"line":310,"column":43}},"99":{"start":{"line":311,"column":5},"end":{"line":311,"column":52}},"100":{"start":{"line":312,"column":5},"end":{"line":312,"column":55}},"101":{"start":{"line":313,"column":5},"end":{"line":313,"column":58}},"102":{"start":{"line":314,"column":5},"end":{"line":314,"column":61}},"103":{"start":{"line":316,"column":5},"end":{"line":316,"column":27}},"104":{"start":{"line":319,"column":4},"end":{"line":319,"column":46}},"105":{"start":{"line":321,"column":4},"end":{"line":333,"column":6}},"106":{"start":{"line":322,"column":5},"end":{"line":332,"column":6}},"107":{"start":{"line":323,"column":6},"end":{"line":323,"column":78}},"108":{"start":{"line":325,"column":6},"end":{"line":331,"column":8}},"109":{"start":{"line":326,"column":7},"end":{"line":330,"column":8}},"110":{"start":{"line":327,"column":8},"end":{"line":327,"column":60}},"111":{"start":{"line":329,"column":8},"end":{"line":329,"column":12}},"112":{"start":{"line":338,"column":1},"end":{"line":338,"column":13}},"113":{"start":{"line":341,"column":0},"end":{"line":343,"column":1}},"114":{"start":{"line":342,"column":1},"end":{"line":342,"column":45}},"115":{"start":{"line":345,"column":0},"end":{"line":411,"column":1}},"116":{"start":{"line":346,"column":1},"end":{"line":410,"column":2}},"117":{"start":{"line":347,"column":2},"end":{"line":352,"column":3}},"118":{"start":{"line":348,"column":3},"end":{"line":348,"column":35}},"119":{"start":{"line":349,"column":3},"end":{"line":349,"column":8}},"120":{"start":{"line":351,"column":3},"end":{"line":351,"column":13}},"121":{"start":{"line":354,"column":2},"end":{"line":354,"column":39}},"122":{"start":{"line":355,"column":2},"end":{"line":355,"column":66}},"123":{"start":{"line":357,"column":2},"end":{"line":375,"column":3}},"124":{"start":{"line":358,"column":3},"end":{"line":374,"column":6}},"125":{"start":{"line":359,"column":4},"end":{"line":373,"column":5}},"126":{"start":{"line":360,"column":5},"end":{"line":370,"column":6}},"127":{"start":{"line":361,"column":6},"end":{"line":367,"column":9}},"128":{"start":{"line":362,"column":7},"end":{"line":366,"column":8}},"129":{"start":{"line":363,"column":8},"end":{"line":363,"column":76}},"130":{"start":{"line":365,"column":8},"end":{"line":365,"column":12}},"131":{"start":{"line":369,"column":6},"end":{"line":369,"column":72}},"132":{"start":{"line":372,"column":5},"end":{"line":372,"column":9}},"133":{"start":{"line":377,"column":2},"end":{"line":409,"column":4}},"134":{"start":{"line":378,"column":3},"end":{"line":408,"column":4}},"135":{"start":{"line":379,"column":4},"end":{"line":399,"column":5}},"136":{"start":{"line":380,"column":5},"end":{"line":396,"column":7}},"137":{"start":{"line":381,"column":6},"end":{"line":395,"column":7}},"138":{"start":{"line":382,"column":7},"end":{"line":392,"column":8}},"139":{"start":{"line":383,"column":8},"end":{"line":389,"column":11}},"140":{"start":{"line":384,"column":9},"end":{"line":388,"column":10}},"141":{"start":{"line":385,"column":10},"end":{"line":385,"column":64}},"142":{"start":{"line":387,"column":10},"end":{"line":387,"column":26}},"143":{"start":{"line":391,"column":8},"end":{"line":391,"column":60}},"144":{"start":{"line":394,"column":7},"end":{"line":394,"column":23}},"145":{"start":{"line":398,"column":5},"end":{"line":398,"column":77}},"146":{"start":{"line":401,"column":4},"end":{"line":407,"column":6}},"147":{"start":{"line":402,"column":5},"end":{"line":406,"column":6}},"148":{"start":{"line":403,"column":6},"end":{"line":403,"column":58}},"149":{"start":{"line":405,"column":6},"end":{"line":405,"column":22}},"150":{"start":{"line":413,"column":0},"end":{"line":450,"column":1}},"151":{"start":{"line":414,"column":1},"end":{"line":417,"column":2}},"152":{"start":{"line":415,"column":2},"end":{"line":415,"column":33}},"153":{"start":{"line":416,"column":2},"end":{"line":416,"column":36}},"154":{"start":{"line":419,"column":1},"end":{"line":445,"column":2}},"155":{"start":{"line":420,"column":2},"end":{"line":422,"column":5}},"156":{"start":{"line":421,"column":3},"end":{"line":421,"column":26}},"157":{"start":{"line":424,"column":2},"end":{"line":426,"column":5}},"158":{"start":{"line":425,"column":3},"end":{"line":425,"column":26}},"159":{"start":{"line":428,"column":2},"end":{"line":442,"column":3}},"160":{"start":{"line":429,"column":3},"end":{"line":433,"column":12}},"161":{"start":{"line":430,"column":4},"end":{"line":432,"column":5}},"162":{"start":{"line":431,"column":5},"end":{"line":431,"column":21}},"163":{"start":{"line":435,"column":3},"end":{"line":437,"column":6}},"164":{"start":{"line":436,"column":4},"end":{"line":436,"column":20}},"165":{"start":{"line":439,"column":3},"end":{"line":441,"column":6}},"166":{"start":{"line":440,"column":4},"end":{"line":440,"column":20}},"167":{"start":{"line":444,"column":2},"end":{"line":444,"column":24}},"168":{"start":{"line":447,"column":1},"end":{"line":449,"column":2}},"169":{"start":{"line":448,"column":2},"end":{"line":448,"column":27}},"170":{"start":{"line":452,"column":0},"end":{"line":457,"column":1}},"171":{"start":{"line":453,"column":1},"end":{"line":455,"column":2}},"172":{"start":{"line":454,"column":2},"end":{"line":454,"column":33}},"173":{"start":{"line":456,"column":1},"end":{"line":456,"column":27}},"174":{"start":{"line":459,"column":0},"end":{"line":459,"column":18}},"175":{"start":{"line":460,"column":0},"end":{"line":460,"column":24}},"176":{"start":{"line":461,"column":0},"end":{"line":461,"column":18}},"177":{"start":{"line":462,"column":0},"end":{"line":462,"column":20}}},"branchMap":{"1":{"line":158,"type":"if","locations":[{"start":{"line":158,"column":1},"end":{"line":158,"column":1}},{"start":{"line":158,"column":1},"end":{"line":158,"column":1}}]},"2":{"line":167,"type":"if","locations":[{"start":{"line":167,"column":2},"end":{"line":167,"column":2}},{"start":{"line":167,"column":2},"end":{"line":167,"column":2}}]},"3":{"line":177,"type":"if","locations":[{"start":{"line":177,"column":2},"end":{"line":177,"column":2}},{"start":{"line":177,"column":2},"end":{"line":177,"column":2}}]},"4":{"line":186,"type":"if","locations":[{"start":{"line":186,"column":1},"end":{"line":186,"column":1}},{"start":{"line":186,"column":1},"end":{"line":186,"column":1}}]},"5":{"line":191,"type":"cond-expr","locations":[{"start":{"line":192,"column":5},"end":{"line":192,"column":21}},{"start":{"line":193,"column":5},"end":{"line":193,"column":21}}]},"6":{"line":191,"type":"binary-expr","locations":[{"start":{"line":191,"column":17},"end":{"line":191,"column":24}},{"start":{"line":191,"column":28},"end":{"line":191,"column":44}}]},"7":{"line":195,"type":"cond-expr","locations":[{"start":{"line":196,"column":5},"end":{"line":196,"column":24}},{"start":{"line":197,"column":5},"end":{"line":197,"column":20}}]},"8":{"line":195,"type":"binary-expr","locations":[{"start":{"line":195,"column":20},"end":{"line":195,"column":27}},{"start":{"line":195,"column":31},"end":{"line":195,"column":50}}]},"9":{"line":199,"type":"cond-expr","locations":[{"start":{"line":199,"column":27},"end":{"line":199,"column":51}},{"start":{"line":199,"column":55},"end":{"line":199,"column":59}}]},"10":{"line":199,"type":"binary-expr","locations":[{"start":{"line":199,"column":27},"end":{"line":199,"column":43}},{"start":{"line":199,"column":47},"end":{"line":199,"column":51}}]},"11":{"line":200,"type":"cond-expr","locations":[{"start":{"line":200,"column":27},"end":{"line":200,"column":51}},{"start":{"line":200,"column":55},"end":{"line":200,"column":59}}]},"12":{"line":200,"type":"binary-expr","locations":[{"start":{"line":200,"column":27},"end":{"line":200,"column":43}},{"start":{"line":200,"column":47},"end":{"line":200,"column":51}}]},"13":{"line":202,"type":"if","locations":[{"start":{"line":202,"column":1},"end":{"line":202,"column":1}},{"start":{"line":202,"column":1},"end":{"line":202,"column":1}}]},"14":{"line":203,"type":"cond-expr","locations":[{"start":{"line":204,"column":6},"end":{"line":204,"column":25}},{"start":{"line":205,"column":6},"end":{"line":205,"column":10}}]},"15":{"line":203,"type":"binary-expr","locations":[{"start":{"line":203,"column":21},"end":{"line":203,"column":28}},{"start":{"line":203,"column":32},"end":{"line":203,"column":51}}]},"16":{"line":211,"type":"if","locations":[{"start":{"line":211,"column":2},"end":{"line":211,"column":2}},{"start":{"line":211,"column":2},"end":{"line":211,"column":2}}]},"17":{"line":211,"type":"binary-expr","locations":[{"start":{"line":211,"column":6},"end":{"line":211,"column":13}},{"start":{"line":211,"column":17},"end":{"line":211,"column":33}}]},"18":{"line":217,"type":"if","locations":[{"start":{"line":217,"column":2},"end":{"line":217,"column":2}},{"start":{"line":217,"column":2},"end":{"line":217,"column":2}}]},"19":{"line":217,"type":"binary-expr","locations":[{"start":{"line":217,"column":6},"end":{"line":217,"column":13}},{"start":{"line":217,"column":17},"end":{"line":217,"column":36}}]},"20":{"line":235,"type":"if","locations":[{"start":{"line":235,"column":2},"end":{"line":235,"column":2}},{"start":{"line":235,"column":2},"end":{"line":235,"column":2}}]},"21":{"line":235,"type":"binary-expr","locations":[{"start":{"line":235,"column":6},"end":{"line":235,"column":13}},{"start":{"line":235,"column":17},"end":{"line":235,"column":33}}]},"22":{"line":240,"type":"if","locations":[{"start":{"line":240,"column":2},"end":{"line":240,"column":2}},{"start":{"line":240,"column":2},"end":{"line":240,"column":2}}]},"23":{"line":240,"type":"binary-expr","locations":[{"start":{"line":240,"column":6},"end":{"line":240,"column":13}},{"start":{"line":240,"column":17},"end":{"line":240,"column":36}}]},"24":{"line":245,"type":"if","locations":[{"start":{"line":245,"column":2},"end":{"line":245,"column":2}},{"start":{"line":245,"column":2},"end":{"line":245,"column":2}}]},"25":{"line":245,"type":"binary-expr","locations":[{"start":{"line":245,"column":6},"end":{"line":245,"column":13}},{"start":{"line":245,"column":17},"end":{"line":245,"column":34}}]},"26":{"line":258,"type":"if","locations":[{"start":{"line":258,"column":3},"end":{"line":258,"column":3}},{"start":{"line":258,"column":3},"end":{"line":258,"column":3}}]},"27":{"line":259,"type":"if","locations":[{"start":{"line":259,"column":4},"end":{"line":259,"column":4}},{"start":{"line":259,"column":4},"end":{"line":259,"column":4}}]},"28":{"line":279,"type":"if","locations":[{"start":{"line":279,"column":6},"end":{"line":279,"column":6}},{"start":{"line":279,"column":6},"end":{"line":279,"column":6}}]},"29":{"line":283,"type":"if","locations":[{"start":{"line":283,"column":8},"end":{"line":283,"column":8}},{"start":{"line":283,"column":8},"end":{"line":283,"column":8}}]},"30":{"line":284,"type":"if","locations":[{"start":{"line":284,"column":9},"end":{"line":284,"column":9}},{"start":{"line":284,"column":9},"end":{"line":284,"column":9}}]},"31":{"line":286,"type":"if","locations":[{"start":{"line":286,"column":11},"end":{"line":286,"column":11}},{"start":{"line":286,"column":11},"end":{"line":286,"column":11}}]},"32":{"line":322,"type":"if","locations":[{"start":{"line":322,"column":5},"end":{"line":322,"column":5}},{"start":{"line":322,"column":5},"end":{"line":322,"column":5}}]},"33":{"line":326,"type":"if","locations":[{"start":{"line":326,"column":7},"end":{"line":326,"column":7}},{"start":{"line":326,"column":7},"end":{"line":326,"column":7}}]},"34":{"line":346,"type":"if","locations":[{"start":{"line":346,"column":1},"end":{"line":346,"column":1}},{"start":{"line":346,"column":1},"end":{"line":346,"column":1}}]},"35":{"line":359,"type":"if","locations":[{"start":{"line":359,"column":4},"end":{"line":359,"column":4}},{"start":{"line":359,"column":4},"end":{"line":359,"column":4}}]},"36":{"line":360,"type":"if","locations":[{"start":{"line":360,"column":5},"end":{"line":360,"column":5}},{"start":{"line":360,"column":5},"end":{"line":360,"column":5}}]},"37":{"line":362,"type":"if","locations":[{"start":{"line":362,"column":7},"end":{"line":362,"column":7}},{"start":{"line":362,"column":7},"end":{"line":362,"column":7}}]},"38":{"line":378,"type":"if","locations":[{"start":{"line":378,"column":3},"end":{"line":378,"column":3}},{"start":{"line":378,"column":3},"end":{"line":378,"column":3}}]},"39":{"line":379,"type":"if","locations":[{"start":{"line":379,"column":4},"end":{"line":379,"column":4}},{"start":{"line":379,"column":4},"end":{"line":379,"column":4}}]},"40":{"line":381,"type":"if","locations":[{"start":{"line":381,"column":6},"end":{"line":381,"column":6}},{"start":{"line":381,"column":6},"end":{"line":381,"column":6}}]},"41":{"line":382,"type":"if","locations":[{"start":{"line":382,"column":7},"end":{"line":382,"column":7}},{"start":{"line":382,"column":7},"end":{"line":382,"column":7}}]},"42":{"line":384,"type":"if","locations":[{"start":{"line":384,"column":9},"end":{"line":384,"column":9}},{"start":{"line":384,"column":9},"end":{"line":384,"column":9}}]},"43":{"line":402,"type":"if","locations":[{"start":{"line":402,"column":5},"end":{"line":402,"column":5}},{"start":{"line":402,"column":5},"end":{"line":402,"column":5}}]},"44":{"line":414,"type":"if","locations":[{"start":{"line":414,"column":1},"end":{"line":414,"column":1}},{"start":{"line":414,"column":1},"end":{"line":414,"column":1}}]},"45":{"line":419,"type":"if","locations":[{"start":{"line":419,"column":1},"end":{"line":419,"column":1}},{"start":{"line":419,"column":1},"end":{"line":419,"column":1}}]},"46":{"line":428,"type":"if","locations":[{"start":{"line":428,"column":2},"end":{"line":428,"column":2}},{"start":{"line":428,"column":2},"end":{"line":428,"column":2}}]},"47":{"line":430,"type":"if","locations":[{"start":{"line":430,"column":4},"end":{"line":430,"column":4}},{"start":{"line":430,"column":4},"end":{"line":430,"column":4}}]},"48":{"line":447,"type":"if","locations":[{"start":{"line":447,"column":1},"end":{"line":447,"column":1}},{"start":{"line":447,"column":1},"end":{"line":447,"column":1}}]},"49":{"line":453,"type":"if","locations":[{"start":{"line":453,"column":1},"end":{"line":453,"column":1}},{"start":{"line":453,"column":1},"end":{"line":453,"column":1}}]},"50":{"line":456,"type":"binary-expr","locations":[{"start":{"line":456,"column":15},"end":{"line":456,"column":20}},{"start":{"line":456,"column":24},"end":{"line":456,"column":25}}]}},"code":["","var child_process = require(\"child_process\");","var fs = require(\"fs\");","var os = require(\"os\");","var util = require (\"util\");","","var serviceWrap;","var runInitialised = false;","","var linuxStartStopScript = [","\t'#!/bin/bash',","\t'',","\t'### BEGIN INIT INFO',","\t'# Provides:          ##NAME##',","\t'# Required-Start:    ',","\t'# Required-Stop:     ',","\t'# Default-Start:     ##RUN_LEVELS_ARR##',","\t'# Default-Stop:      0 1 6',","\t'# Short-Description: Start ##NAME## at boot time',","\t'# Description:       Enable ##NAME## service.',","\t'### END INIT INFO',","\t'',","\t'# chkconfig:   ##RUN_LEVELS_STR## 99 1',","\t'# description: ##NAME##',","\t'',","\t'set_pid () {',","\t'\tunset PID',","\t'\t_PID=`head -1 \"##PROGRAM_PATH##.pid\" 2>/dev/null`',","\t'\tif [ $_PID ]; then',","\t'\t\tkill -0 $_PID 2>/dev/null && PID=$_PID',","\t'\tfi',","\t'}',","\t'',","\t'force_reload () {',","\t'\tstop',","\t'\tstart',","\t'}',","\t'',","\t'restart () {',","\t'\tstop',","\t'\tstart',","\t'}',","\t'',","\t'start () {',","\t'\tCNT=5',","\t'',","\t'\tset_pid',","\t'',","\t'\tif [ -z \"$PID\" ]; then',","\t'\t\techo starting ##NAME##',","\t'',","\t'\t\t\"##NODE_PATH##\" ##NODE_ARGS## \"##PROGRAM_PATH##\" ##PROGRAM_ARGS## >/dev/null 2>&1 &',","\t'',","\t'\t\techo $! > \"##PROGRAM_PATH##.pid\"',","\t'',","\t'\t\twhile [ : ]; do',","\t'\t\t\tset_pid',","\t'',","\t'\t\t\tif [ -n \"$PID\" ]; then',","\t'\t\t\t\techo started ##NAME##',","\t'\t\t\t\tbreak',","\t'\t\t\telse',","\t'\t\t\t\tif [ $CNT -gt 0 ]; then',","\t'\t\t\t\t\tsleep 1',","\t'\t\t\t\t\tCNT=`expr $CNT - 1`',","\t'\t\t\t\telse',","\t'\t\t\t\t\techo ERROR - failed to start ##NAME##',","\t'\t\t\t\t\tbreak',","\t'\t\t\t\tfi',","\t'\t\t\tfi',","\t'\t\tdone',","\t'\telse',","\t'\t\techo ##NAME## is already started',","\t'\tfi',","\t'}',","\t'',","\t'status () {',","\t'\tset_pid',","\t'',","\t'\tif [ -z \"$PID\" ]; then',","\t'\t\texit 1',","\t'\telse',","\t'\t\texit 0',","\t'\tfi',","\t'}',","\t'',","\t'stop () {',","\t'\tCNT=5',","\t'',","\t'\tset_pid',","\t'',","\t'\tif [ -n \"$PID\" ]; then',","\t'\t\techo stopping ##NAME##',","\t'',","\t'\t\tkill $PID',","\t'',","\t'\t\twhile [ : ]; do',","\t'\t\t\tset_pid',","\t'',","\t'\t\t\tif [ -z \"$PID\" ]; then',","\t'\t\t\t\trm \"##PROGRAM_PATH##.pid\"',","\t'\t\t\t\techo stopped ##NAME##',","\t'\t\t\t\tbreak',","\t'\t\t\telse',","\t'\t\t\t\tif [ $CNT -gt 0 ]; then',","\t'\t\t\t\t\tsleep 1',","\t'\t\t\t\t\tCNT=`expr $CNT - 1`',","\t'\t\t\t\telse',","\t'\t\t\t\t\techo ERROR - failed to stop ##NAME##',","\t'\t\t\t\t\tbreak',","\t'\t\t\t\tfi',","\t'\t\t\tfi',","\t'\t\tdone',","\t'\telse',","\t'\t\techo ##NAME## is already stopped',","\t'\tfi',","\t'}',","\t'',","\t'case $1 in',","\t'\tforce-reload)',","\t'\t\tforce_reload',","\t'\t\t;;',","\t'\trestart)',","\t'\t\trestart',","\t'\t\t;;',","\t'\tstart)',","\t'\t\tstart',","\t'\t\t;;',","\t'\tstatus)',","\t'\t\tstatus',","\t'\t\t;;',","\t'\tstop)',","\t'\t\tstop',","\t'\t\t;;',","\t'\t*)',","\t'\t\techo \"usage: $0 <force-reload|restart|start|status|stop>\"',","\t'\t\texit 1',","\t'\t\t;;',","\t'esac'","];","","var linuxSystemUnit = [","\t'[Unit]',","\t'Description=##NAME##',","\t'After=network.target',","\t'',","\t'[Service]',","\t'Type=simple',","\t'StandardOutput=null',","\t'StandardError=null',","\t'UMask=0007',","\t'ExecStart=##NODE_PATH## ##NODE_ARGS## ##PROGRAM_PATH## ##PROGRAM_ARGS##',","\t'',","\t'[Install]'","];","","function getServiceWrap () {","\tif (! serviceWrap)","\t\tserviceWrap = require (\"./build/Release/service\");","\treturn serviceWrap;","}","","function runProcess(path, args, cb) {","\tvar child = child_process.spawn(path, args);","","\tchild.on(\"exit\", function(code) {","\t\tif (code != 0) {","\t\t\tvar error = new Error(path + \" failed: \" + code)","\t\t\terror.code = code","\t\t\tcb(error);","\t\t} else {","\t\t\tcb();","\t\t}","\t});","","\tchild.on(\"error\", function(error) {","\t\tif (error) {","\t\t\tcb(error);","\t\t} else {","\t\t\tcb();","\t\t}","\t});","}","","function add (name, options, cb) {","\tif (! cb) {","\t\tcb = arguments[1];","\t\toptions = {};","\t}","","\tvar nodePath = (options && options.nodePath)","\t\t\t? options.nodePath","\t\t\t: process.execPath;","","\tvar programPath = (options && options.programPath)","\t\t\t? options.programPath","\t\t\t: process.argv[1];","","\tvar username = options ? (options.username || null) : null;","\tvar password = options ? (options.password || null) : null;","","\tif (os.platform() == \"win32\") {","\t\tvar displayName = (options && options.displayName)","\t\t\t\t? options.displayName","\t\t\t\t: name;","\t\t","\t\tvar serviceArgs = [];","","\t\tserviceArgs.push (nodePath);","","\t\tif (options && options.nodeArgs)","\t\t\tfor (var i = 0; i < options.nodeArgs.length; i++)","\t\t\t\tserviceArgs.push (options.nodeArgs[i]);","","\t\tserviceArgs.push (programPath);","\t","\t\tif (options && options.programArgs)","\t\t\tfor (var i = 0; i < options.programArgs.length; i++)","\t\t\t\tserviceArgs.push (options.programArgs[i]);","\t","\t\tfor (var i = 0; i < serviceArgs.length; i++)","\t\t\tserviceArgs[i] = \"\\\"\" + serviceArgs[i] + \"\\\"\";","\t","\t\tvar servicePath = serviceArgs.join (\" \");","","\t\ttry {","\t\t\tgetServiceWrap ().add (name, displayName, servicePath, username,","\t\t\t\t\tpassword);","\t\t\tcb();","\t\t} catch (error) {","\t\t\tcb(error);","\t\t}","\t} else {","\t\tvar nodeArgs = [];","\t\tif (options && options.nodeArgs)","\t\t\tfor (var i = 0; i < options.nodeArgs.length; i++)","\t\t\t\tnodeArgs.push (\"\\\"\" + options.nodeArgs[i] + \"\\\"\");","","\t\tvar programArgs = [];","\t\tif (options && options.programArgs)","\t\t\tfor (var i = 0; i < options.programArgs.length; i++)","\t\t\t\tprogramArgs.push (\"\\\"\" + options.programArgs[i] + \"\\\"\");","\t\t","\t\tvar runLevels = [2, 3, 4, 5];","\t\tif (options && options.runLevels)","\t\t\trunLevels = options.runLevels;","","\t\tvar nodeArgsStr = nodeArgs.join(\" \");","\t\tvar programArgsStr = programArgs.join(\" \");","","\t\tvar initPath = \"/etc/init.d/\" + name;","\t\tvar systemPath = \"/usr/lib/systemd/system/\" + name + \".service\";","\t\tvar ctlOptions = {","\t\t\tmode: 493 // rwxr-xr-x","\t\t};","","\t\tfs.stat(\"/usr/lib/systemd/system\", function(error, stats) {","\t\t\tif (error) {","\t\t\t\tif (error.code == \"ENOENT\") {","\t\t\t\t\tvar startStopScript = [];","","\t\t\t\t\tfor (var i = 0; i < linuxStartStopScript.length; i++) {","\t\t\t\t\t\tvar line = linuxStartStopScript[i];","\t\t\t\t\t\t","\t\t\t\t\t\tline = line.replace(\"##NAME##\", name);","\t\t\t\t\t\tline = line.replace(\"##NODE_PATH##\", nodePath);","\t\t\t\t\t\tline = line.replace(\"##NODE_ARGS##\", nodeArgsStr);","\t\t\t\t\t\tline = line.replace(\"##PROGRAM_PATH##\", programPath);","\t\t\t\t\t\tline = line.replace(\"##PROGRAM_ARGS##\", programArgsStr);","\t\t\t\t\t\tline = line.replace(\"##RUN_LEVELS_ARR##\", runLevels.join(\" \"));","\t\t\t\t\t\tline = line.replace(\"##RUN_LEVELS_STR##\", runLevels.join(\"\"));","\t\t\t\t\t\t","\t\t\t\t\t\tstartStopScript.push(line);","\t\t\t\t\t}","\t\t\t\t\t","\t\t\t\t\tvar startStopScriptStr = startStopScript.join(\"\\n\");","","\t\t\t\t\tfs.writeFile(initPath, startStopScriptStr, ctlOptions, function(error) {","\t\t\t\t\t\tif (error) {","\t\t\t\t\t\t\tcb(new Error(\"writeFile(\" + initPath + \") failed: \" + error.message));","\t\t\t\t\t\t} else {","\t\t\t\t\t\t\trunProcess(\"chkconfig\", [\"--add\", name], function(error) {","\t\t\t\t\t\t\t\tif (error) {","\t\t\t\t\t\t\t\t\tif (error.code == \"ENOENT\") {","\t\t\t\t\t\t\t\t\t\trunProcess(\"update-rc.d\", [name, \"defaults\"], function(error) {","\t\t\t\t\t\t\t\t\t\t\tif (error) {","\t\t\t\t\t\t\t\t\t\t\t\tcb(new Error(\"update-rd.d failed: \" + error.message));","\t\t\t\t\t\t\t\t\t\t\t} else {","\t\t\t\t\t\t\t\t\t\t\t\tcb()","\t\t\t\t\t\t\t\t\t\t\t}","\t\t\t\t\t\t\t\t\t\t})","\t\t\t\t\t\t\t\t\t} else {","\t\t\t\t\t\t\t\t\t\tcb(new Error(\"chkconfig failed: \" + error.message));","\t\t\t\t\t\t\t\t\t}","\t\t\t\t\t\t\t\t} else {","\t\t\t\t\t\t\t\t\tcb()","\t\t\t\t\t\t\t\t}","\t\t\t\t\t\t\t})","\t\t\t\t\t\t}","\t\t\t\t\t})","\t\t\t\t} else {","\t\t\t\t\tcb(new Error(\"stat(/usr/lib/systemd/system) failed: \" + error.message));","\t\t\t\t}","\t\t\t} else {","\t\t\t\tvar systemUnit = [];","","\t\t\t\tfor (var i = 0; i < linuxSystemUnit.length; i++) {","\t\t\t\t\tvar line = linuxSystemUnit[i];","\t\t\t\t\t","\t\t\t\t\tline = line.replace(\"##NAME##\", name);","\t\t\t\t\tline = line.replace(\"##NODE_PATH##\", nodePath);","\t\t\t\t\tline = line.replace(\"##NODE_ARGS##\", nodeArgsStr);","\t\t\t\t\tline = line.replace(\"##PROGRAM_PATH##\", programPath);","\t\t\t\t\tline = line.replace(\"##PROGRAM_ARGS##\", programArgsStr);","\t\t\t\t\t","\t\t\t\t\tsystemUnit.push(line);","\t\t\t\t}","\t\t\t\t","\t\t\t\tvar systemUnitStr = systemUnit.join(\"\\n\");","","\t\t\t\tfs.writeFile(systemPath, systemUnitStr, ctlOptions, function(error) {","\t\t\t\t\tif (error) {","\t\t\t\t\t\tcb(new Error(\"writeFile(\" + systemPath + \") failed: \" + error.message));","\t\t\t\t\t} else {","\t\t\t\t\t\trunProcess(\"systemctl\", [\"enable\", name], function(error) {","\t\t\t\t\t\t\tif (error) {","\t\t\t\t\t\t\t\tcb(new Error(\"systemctl failed: \" + error.message));","\t\t\t\t\t\t\t} else {","\t\t\t\t\t\t\t\tcb()","\t\t\t\t\t\t\t}","\t\t\t\t\t\t})","\t\t\t\t\t}","\t\t\t\t})","\t\t\t}","\t\t})","\t}","\t","\treturn this;","}","","function isStopRequested () {","\treturn getServiceWrap ().isStopRequested ();","}","","function remove (name, cb) {","\tif (os.platform() == \"win32\") {","\t\ttry {","\t\t\tgetServiceWrap ().remove (name);","\t\t\tcb();","\t\t} catch (error) {","\t\t\tcb(error);","\t\t}","\t} else {","\t\tvar initPath = \"/etc/init.d/\" + name;","\t\tvar systemPath = \"/usr/lib/systemd/system/\" + name + \".service\";","","\t\tfunction removeCtlPaths() {","\t\t\tfs.unlink(initPath, function(error) {","\t\t\t\tif (error) {","\t\t\t\t\tif (error.code == \"ENOENT\") {","\t\t\t\t\t\tfs.unlink(systemPath, function(error) {","\t\t\t\t\t\t\tif (error) {","\t\t\t\t\t\t\t\tcb(new Error(\"unlink(\" + systemPath + \") failed: \" + error.message))","\t\t\t\t\t\t\t} else {","\t\t\t\t\t\t\t\tcb()","\t\t\t\t\t\t\t}","\t\t\t\t\t\t});","\t\t\t\t\t} else {","\t\t\t\t\t\tcb(new Error(\"unlink(\" + initPath + \") failed: \" + error.message))","\t\t\t\t\t}","\t\t\t\t} else {","\t\t\t\t\tcb()","\t\t\t\t}","\t\t\t});","\t\t};","","\t\tfs.stat(\"/usr/lib/systemd/system\", function(error, stats) {","\t\t\tif (error) {","\t\t\t\tif (error.code == \"ENOENT\") {","\t\t\t\t\trunProcess(\"chkconfig\", [\"--del\", name], function(error) {","\t\t\t\t\t\tif (error) {","\t\t\t\t\t\t\tif (error.code == \"ENOENT\") {","\t\t\t\t\t\t\t\trunProcess(\"update-rc.d\", [name, \"remove\"], function(error) {","\t\t\t\t\t\t\t\t\tif (error) {","\t\t\t\t\t\t\t\t\t\tcb(new Error(\"update-rc.d failed: \" + error.message));","\t\t\t\t\t\t\t\t\t} else {","\t\t\t\t\t\t\t\t\t\tremoveCtlPaths()","\t\t\t\t\t\t\t\t\t}","\t\t\t\t\t\t\t\t});","\t\t\t\t\t\t\t} else {","\t\t\t\t\t\t\t\tcb(new Error(\"chkconfig failed: \" + error.message));","\t\t\t\t\t\t\t}","\t\t\t\t\t\t} else {","\t\t\t\t\t\t\tremoveCtlPaths()","\t\t\t\t\t\t}","\t\t\t\t\t})","\t\t\t\t} else {","\t\t\t\t\tcb(new Error(\"stat(/usr/lib/systemd/system) failed: \" + error.message));","\t\t\t\t}","\t\t\t} else {","\t\t\t\trunProcess(\"systemctl\", [\"disable\", name], function(error) {","\t\t\t\t\tif (error) {","\t\t\t\t\t\tcb(new Error(\"systemctl failed: \" + error.message));","\t\t\t\t\t} else {","\t\t\t\t\t\tremoveCtlPaths()","\t\t\t\t\t}","\t\t\t\t})","\t\t\t}","\t\t})","\t}","}","","function run (stdoutLogStream, stderrLogStream, stopCallback) {","\tif (! stopCallback) {","\t\tstopCallback = stderrLogStream;","\t\tstderrLogStream = stdoutLogStream;","\t}","","\tif (! runInitialised) {","\t\tprocess.__defineGetter__('stdout', function() {","\t\t\treturn stdoutLogStream;","\t\t});","\t\t","\t\tprocess.__defineGetter__('stderr', function() {","\t\t\treturn stderrLogStream;","\t\t});","\t\t","\t\tif (os.platform() == \"win32\") {","\t\t\tsetInterval (function () {","\t\t\t\tif (isStopRequested ()) {","\t\t\t\t\tstopCallback ();","\t\t\t\t}","\t\t\t}, 2000);","\t\t} else {","\t\t\tprocess.on(\"SIGINT\", function() {","\t\t\t\tstopCallback ();","\t\t\t});","","\t\t\tprocess.on(\"SIGTERM\", function() {","\t\t\t\tstopCallback ();","\t\t\t});","\t\t}","\t\t","\t\trunInitialised = true;","\t}","\t","\tif (os.platform() == \"win32\") {","\t\tgetServiceWrap ().run ();","\t}","}","","function stop (rcode) {","\tif (os.platform() == \"win32\") {","\t\tgetServiceWrap ().stop (rcode);","\t}","\tprocess.exit (rcode || 0);","}","","exports.add = add;","exports.remove = remove;","exports.run = run;","exports.stop = stop;",""],"l":{"2":1,"3":1,"4":1,"5":1,"7":1,"8":1,"10":1,"142":1,"157":1,"158":0,"159":0,"160":0,"163":1,"164":0,"166":0,"167":0,"168":0,"169":0,"170":0,"172":0,"176":0,"177":0,"178":0,"180":0,"185":1,"186":0,"187":0,"188":0,"191":0,"195":0,"199":0,"200":0,"202":0,"203":0,"207":0,"209":0,"211":0,"212":0,"213":0,"215":0,"217":0,"218":0,"219":0,"221":0,"222":0,"224":0,"226":0,"227":0,"229":0,"231":0,"234":0,"235":0,"236":0,"237":0,"239":0,"240":0,"241":0,"242":0,"244":0,"245":0,"246":0,"248":0,"249":0,"251":0,"252":0,"253":0,"257":0,"258":0,"259":0,"260":0,"262":0,"263":0,"265":0,"266":0,"267":0,"268":0,"269":0,"270":0,"271":0,"273":0,"276":0,"278":0,"279":0,"280":0,"282":0,"283":0,"284":0,"285":0,"286":0,"287":0,"289":0,"293":0,"296":0,"302":0,"305":0,"307":0,"308":0,"310":0,"311":0,"312":0,"313":0,"314":0,"316":0,"319":0,"321":0,"322":0,"323":0,"325":0,"326":0,"327":0,"329":0,"338":0,"341":1,"342":0,"345":1,"346":0,"347":0,"348":0,"349":0,"351":0,"354":0,"355":0,"357":1,"358":0,"359":0,"360":0,"361":0,"362":0,"363":0,"365":0,"369":0,"372":0,"377":0,"378":0,"379":0,"380":0,"381":0,"382":0,"383":0,"384":0,"385":0,"387":0,"391":0,"394":0,"398":0,"401":0,"402":0,"403":0,"405":0,"413":1,"414":0,"415":0,"416":0,"419":0,"420":0,"421":0,"424":0,"425":0,"428":0,"429":0,"430":0,"431":0,"435":0,"436":0,"439":0,"440":0,"444":0,"447":0,"448":0,"452":1,"453":0,"454":0,"456":0,"459":1,"460":1,"461":1,"462":1}}}